# JRE version: OpenJDK Runtime Environment (11.0.8+10) (build 11.0.8+10-b944.6842174)
# Java VM: OpenJDK 64-Bit Server VM (11.0.8+10-b944.6842174, mixed mode, tiered, compressed oops, g1 gc, windows-amd64)
Heap:
 garbage-first heap   total 347136K, used 205225K [0x0000000080000000, 0x0000000100000000)
  region size 1024K, 20 young (20480K), 5 survivors (5120K)
 Metaspace       used 99188K, capacity 101905K, committed 102220K, reserved 1136640K
  class space    used 13050K, capacity 14041K, committed 14156K, reserved 1048576K
GC Heap History (20 events):
Event: 58.678 GC heap before
{Heap before GC invocations=46 (full 0):
 garbage-first heap   total 188416K, used 163821K [0x0000000080000000, 0x0000000100000000)
  region size 1024K, 9 young (9216K), 2 survivors (2048K)
 Metaspace       used 98792K, capacity 101522K, committed 101708K, reserved 1136640K
  class space    used 13048K, capacity 14041K, committed 14156K, reserved 1048576K
}
Event: 58.695 GC heap after
{Heap after GC invocations=47 (full 0):
 garbage-first heap   total 188416K, used 159125K [0x0000000080000000, 0x0000000100000000)
  region size 1024K, 2 young (2048K), 2 survivors (2048K)
 Metaspace       used 98792K, capacity 101522K, committed 101708K, reserved 1136640K
  class space    used 13048K, capacity 14041K, committed 14156K, reserved 1048576K
}
Event: 58.827 GC heap before
{Heap before GC invocations=47 (full 0):
 garbage-first heap   total 188416K, used 166293K [0x0000000080000000, 0x0000000100000000)
  region size 1024K, 9 young (9216K), 2 survivors (2048K)
 Metaspace       used 98796K, capacity 101522K, committed 101708K, reserved 1136640K
  class space    used 13048K, capacity 14041K, committed 14156K, reserved 1048576K
}
Event: 58.847 GC heap after
{Heap after GC invocations=48 (full 0):
 garbage-first heap   total 226304K, used 161545K [0x0000000080000000, 0x0000000100000000)
  region size 1024K, 2 young (2048K), 2 survivors (2048K)
 Metaspace       used 98796K, capacity 101522K, committed 101708K, reserved 1136640K
  class space    used 13048K, capacity 14041K, committed 14156K, reserved 1048576K
}
Event: 59.630 GC heap before
{Heap before GC invocations=49 (full 0):
 garbage-first heap   total 226304K, used 177929K [0x0000000080000000, 0x0000000100000000)
  region size 1024K, 20 young (20480K), 2 survivors (2048K)
 Metaspace       used 98801K, capacity 101502K, committed 101708K, reserved 1136640K
  class space    used 13043K, capacity 14031K, committed 14156K, reserved 1048576K
}
Event: 59.660 GC heap after
{Heap after GC invocations=50 (full 0):
 garbage-first heap   total 226304K, used 164762K [0x0000000080000000, 0x0000000100000000)
  region size 1024K, 3 young (3072K), 3 survivors (3072K)
 Metaspace       used 98801K, capacity 101502K, committed 101708K, reserved 1136640K
  class space    used 13043K, capacity 14031K, committed 14156K, reserved 1048576K
}
Event: 60.055 GC heap before
{Heap before GC invocations=50 (full 0):
 garbage-first heap   total 226304K, used 171930K [0x0000000080000000, 0x0000000100000000)
  region size 1024K, 11 young (11264K), 3 survivors (3072K)
 Metaspace       used 98875K, capacity 101638K, committed 101964K, reserved 1136640K
  class space    used 13043K, capacity 14031K, committed 14156K, reserved 1048576K
}
Event: 60.075 GC heap after
{Heap after GC invocations=51 (full 0):
 garbage-first heap   total 226304K, used 164879K [0x0000000080000000, 0x0000000100000000)
  region size 1024K, 2 young (2048K), 2 survivors (2048K)
 Metaspace       used 98875K, capacity 101638K, committed 101964K, reserved 1136640K
  class space    used 13043K, capacity 14031K, committed 14156K, reserved 1048576K
}
Event: 60.089 GC heap before
{Heap before GC invocations=51 (full 0):
 garbage-first heap   total 226304K, used 164879K [0x0000000080000000, 0x0000000100000000)
  region size 1024K, 3 young (3072K), 2 survivors (2048K)
 Metaspace       used 98875K, capacity 101638K, committed 101964K, reserved 1136640K
  class space    used 13043K, capacity 14031K, committed 14156K, reserved 1048576K
}
Event: 60.096 GC heap after
{Heap after GC invocations=52 (full 0):
 garbage-first heap   total 226304K, used 164990K [0x0000000080000000, 0x0000000100000000)
  region size 1024K, 2 young (2048K), 2 survivors (2048K)
 Metaspace       used 98875K, capacity 101638K, committed 101964K, reserved 1136640K
  class space    used 13043K, capacity 14031K, committed 14156K, reserved 1048576K
}
Event: 60.746 GC heap before
{Heap before GC invocations=52 (full 0):
 garbage-first heap   total 226304K, used 186494K [0x0000000080000000, 0x0000000100000000)
  region size 1024K, 18 young (18432K), 2 survivors (2048K)
 Metaspace       used 98934K, capacity 101660K, committed 101964K, reserved 1136640K
  class space    used 13048K, capacity 14038K, committed 14156K, reserved 1048576K
}
Event: 60.757 GC heap after
{Heap after GC invocations=53 (full 0):
 garbage-first heap   total 288768K, used 172896K [0x0000000080000000, 0x0000000100000000)
  region size 1024K, 3 young (3072K), 3 survivors (3072K)
 Metaspace       used 98934K, capacity 101660K, committed 101964K, reserved 1136640K
  class space    used 13048K, capacity 14038K, committed 14156K, reserved 1048576K
}
Event: 61.360 GC heap before
{Heap before GC invocations=54 (full 0):
 garbage-first heap   total 288768K, used 212832K [0x0000000080000000, 0x0000000100000000)
  region size 1024K, 38 young (38912K), 3 survivors (3072K)
 Metaspace       used 98991K, capacity 101735K, committed 101964K, reserved 1136640K
  class space    used 13049K, capacity 14039K, committed 14156K, reserved 1048576K
}
Event: 61.373 GC heap after
{Heap after GC invocations=55 (full 0):
 garbage-first heap   total 288768K, used 181828K [0x0000000080000000, 0x0000000100000000)
  region size 1024K, 5 young (5120K), 5 survivors (5120K)
 Metaspace       used 98991K, capacity 101735K, committed 101964K, reserved 1136640K
  class space    used 13049K, capacity 14039K, committed 14156K, reserved 1048576K
}
Event: 61.392 GC heap before
{Heap before GC invocations=55 (full 0):
 garbage-first heap   total 288768K, used 191044K [0x0000000080000000, 0x0000000100000000)
  region size 1024K, 14 young (14336K), 5 survivors (5120K)
 Metaspace       used 98991K, capacity 101735K, committed 101964K, reserved 1136640K
  class space    used 13049K, capacity 14039K, committed 14156K, reserved 1048576K
}
Event: 61.407 GC heap after
{Heap after GC invocations=56 (full 0):
 garbage-first heap   total 288768K, used 179031K [0x0000000080000000, 0x0000000100000000)
  region size 1024K, 2 young (2048K), 2 survivors (2048K)
 Metaspace       used 98991K, capacity 101735K, committed 101964K, reserved 1136640K
  class space    used 13049K, capacity 14039K, committed 14156K, reserved 1048576K
}
Event: 61.411 GC heap before
{Heap before GC invocations=56 (full 0):
 garbage-first heap   total 288768K, used 180055K [0x0000000080000000, 0x0000000100000000)
  region size 1024K, 4 young (4096K), 2 survivors (2048K)
 Metaspace       used 98991K, capacity 101735K, committed 101964K, reserved 1136640K
  class space    used 13049K, capacity 14039K, committed 14156K, reserved 1048576K
}
Event: 61.420 GC heap after
{Heap after GC invocations=57 (full 0):
 garbage-first heap   total 288768K, used 179490K [0x0000000080000000, 0x0000000100000000)
  region size 1024K, 3 young (3072K), 3 survivors (3072K)
 Metaspace       used 98991K, capacity 101735K, committed 101964K, reserved 1136640K
  class space    used 13049K, capacity 14039K, committed 14156K, reserved 1048576K
}
Event: 61.875 GC heap before
{Heap before GC invocations=57 (full 0):
 garbage-first heap   total 288768K, used 220450K [0x0000000080000000, 0x0000000100000000)
  region size 1024K, 35 young (35840K), 3 survivors (3072K)
 Metaspace       used 99074K, capacity 101826K, committed 101964K, reserved 1136640K
  class space    used 13049K, capacity 14039K, committed 14156K, reserved 1048576K
}
Event: 61.889 GC heap after
{Heap after GC invocations=58 (full 0):
 garbage-first heap   total 347136K, used 190889K [0x0000000080000000, 0x0000000100000000)
  region size 1024K, 5 young (5120K), 5 survivors (5120K)
 Metaspace       used 99074K, capacity 101826K, committed 101964K, reserved 1136640K
  class space    used 13049K, capacity 14039K, committed 14156K, reserved 1048576K
}

