# JRE version: OpenJDK Runtime Environment (11.0.8+10) (build 11.0.8+10-b944.6842174)
# Java VM: OpenJDK 64-Bit Server VM (11.0.8+10-b944.6842174, mixed mode, tiered, compressed oops, g1 gc, windows-amd64)
Heap:
 garbage-first heap   total 331776K, used 153481K [0x0000000080000000, 0x0000000100000000)
  region size 1024K, 24 young (24576K), 3 survivors (3072K)
 Metaspace       used 138038K, capacity 141971K, committed 142156K, reserved 1173504K
  class space    used 16952K, capacity 18381K, committed 18508K, reserved 1048576K
GC Heap History (20 events):
Event: 6788.472 GC heap before
{Heap before GC invocations=108 (full 0):
 garbage-first heap   total 331776K, used 230144K [0x0000000080000000, 0x0000000100000000)
  region size 1024K, 16 young (16384K), 9 survivors (9216K)
 Metaspace       used 137333K, capacity 141097K, committed 141516K, reserved 1173504K
  class space    used 16897K, capacity 18293K, committed 18380K, reserved 1048576K
}
Event: 6788.530 GC heap after
{Heap after GC invocations=109 (full 0):
 garbage-first heap   total 331776K, used 222848K [0x0000000080000000, 0x0000000100000000)
  region size 1024K, 2 young (2048K), 2 survivors (2048K)
 Metaspace       used 137333K, capacity 141097K, committed 141516K, reserved 1173504K
  class space    used 16897K, capacity 18293K, committed 18380K, reserved 1048576K
}
Event: 6788.548 GC heap before
{Heap before GC invocations=109 (full 0):
 garbage-first heap   total 331776K, used 236160K [0x0000000080000000, 0x0000000100000000)
  region size 1024K, 17 young (17408K), 2 survivors (2048K)
 Metaspace       used 137333K, capacity 141097K, committed 141516K, reserved 1173504K
  class space    used 16897K, capacity 18293K, committed 18380K, reserved 1048576K
}
Event: 6788.564 GC heap after
{Heap after GC invocations=110 (full 0):
 garbage-first heap   total 331776K, used 225250K [0x0000000080000000, 0x0000000100000000)
  region size 1024K, 5 young (5120K), 5 survivors (5120K)
 Metaspace       used 137333K, capacity 141097K, committed 141516K, reserved 1173504K
  class space    used 16897K, capacity 18293K, committed 18380K, reserved 1048576K
}
Event: 6788.808 GC heap before
{Heap before GC invocations=110 (full 0):
 garbage-first heap   total 331776K, used 270306K [0x0000000080000000, 0x0000000100000000)
  region size 1024K, 41 young (41984K), 5 survivors (5120K)
 Metaspace       used 137338K, capacity 141161K, committed 141516K, reserved 1173504K
  class space    used 16897K, capacity 18293K, committed 18380K, reserved 1048576K
}
Event: 6788.823 GC heap after
{Heap after GC invocations=111 (full 0):
 garbage-first heap   total 331776K, used 235692K [0x0000000080000000, 0x0000000100000000)
  region size 1024K, 6 young (6144K), 6 survivors (6144K)
 Metaspace       used 137338K, capacity 141161K, committed 141516K, reserved 1173504K
  class space    used 16897K, capacity 18293K, committed 18380K, reserved 1048576K
}
Event: 6790.298 GC heap before
{Heap before GC invocations=112 (full 0):
 garbage-first heap   total 331776K, used 296108K [0x0000000080000000, 0x0000000100000000)
  region size 1024K, 40 young (40960K), 6 survivors (6144K)
 Metaspace       used 137565K, capacity 141371K, committed 141772K, reserved 1173504K
  class space    used 16920K, capacity 18298K, committed 18380K, reserved 1048576K
}
Event: 6790.311 GC heap after
{Heap after GC invocations=113 (full 0):
 garbage-first heap   total 331776K, used 216577K [0x0000000080000000, 0x0000000100000000)
  region size 1024K, 4 young (4096K), 4 survivors (4096K)
 Metaspace       used 137565K, capacity 141371K, committed 141772K, reserved 1173504K
  class space    used 16920K, capacity 18298K, committed 18380K, reserved 1048576K
}
Event: 7146.788 GC heap before
{Heap before GC invocations=113 (full 0):
 garbage-first heap   total 331776K, used 235009K [0x0000000080000000, 0x0000000100000000)
  region size 1024K, 16 young (16384K), 4 survivors (4096K)
 Metaspace       used 137597K, capacity 141377K, committed 141772K, reserved 1173504K
  class space    used 16921K, capacity 18299K, committed 18380K, reserved 1048576K
}
Event: 7146.856 GC heap after
{Heap after GC invocations=114 (full 0):
 garbage-first heap   total 331776K, used 205018K [0x0000000080000000, 0x0000000100000000)
  region size 1024K, 1 young (1024K), 1 survivors (1024K)
 Metaspace       used 137597K, capacity 141377K, committed 141772K, reserved 1173504K
  class space    used 16921K, capacity 18299K, committed 18380K, reserved 1048576K
}
Event: 7148.987 GC heap before
{Heap before GC invocations=114 (full 0):
 garbage-first heap   total 331776K, used 259290K [0x0000000080000000, 0x0000000100000000)
  region size 1024K, 55 young (56320K), 1 survivors (1024K)
 Metaspace       used 137700K, capacity 141568K, committed 141772K, reserved 1173504K
  class space    used 16931K, capacity 18316K, committed 18380K, reserved 1048576K
}
Event: 7149.014 GC heap after
{Heap after GC invocations=115 (full 0):
 garbage-first heap   total 331776K, used 209125K [0x0000000080000000, 0x0000000100000000)
  region size 1024K, 5 young (5120K), 5 survivors (5120K)
 Metaspace       used 137700K, capacity 141568K, committed 141772K, reserved 1173504K
  class space    used 16931K, capacity 18316K, committed 18380K, reserved 1048576K
}
Event: 7150.666 GC heap before
{Heap before GC invocations=116 (full 0):
 garbage-first heap   total 331776K, used 240869K [0x0000000080000000, 0x0000000100000000)
  region size 1024K, 59 young (60416K), 5 survivors (5120K)
 Metaspace       used 137819K, capacity 141635K, committed 142028K, reserved 1173504K
  class space    used 16931K, capacity 18316K, committed 18380K, reserved 1048576K
}
Event: 7150.684 GC heap after
{Heap after GC invocations=117 (full 0):
 garbage-first heap   total 331776K, used 187908K [0x0000000080000000, 0x0000000100000000)
  region size 1024K, 2 young (2048K), 2 survivors (2048K)
 Metaspace       used 137819K, capacity 141635K, committed 142028K, reserved 1173504K
  class space    used 16931K, capacity 18316K, committed 18380K, reserved 1048576K
}
Event: 7151.187 GC heap before
{Heap before GC invocations=117 (full 0):
 garbage-first heap   total 331776K, used 201220K [0x0000000080000000, 0x0000000100000000)
  region size 1024K, 16 young (16384K), 2 survivors (2048K)
 Metaspace       used 137831K, capacity 141667K, committed 142028K, reserved 1173504K
  class space    used 16932K, capacity 18348K, committed 18380K, reserved 1048576K
}
Event: 7151.260 GC heap after
{Heap after GC invocations=118 (full 0):
 garbage-first heap   total 331776K, used 169171K [0x0000000080000000, 0x0000000100000000)
  region size 1024K, 1 young (1024K), 1 survivors (1024K)
 Metaspace       used 137831K, capacity 141667K, committed 142028K, reserved 1173504K
  class space    used 16932K, capacity 18348K, committed 18380K, reserved 1048576K
}
Event: 7172.339 GC heap before
{Heap before GC invocations=118 (full 0):
 garbage-first heap   total 331776K, used 183507K [0x0000000080000000, 0x0000000100000000)
  region size 1024K, 16 young (16384K), 1 survivors (1024K)
 Metaspace       used 137850K, capacity 141670K, committed 142028K, reserved 1173504K
  class space    used 16934K, capacity 18349K, committed 18380K, reserved 1048576K
}
Event: 7172.376 GC heap after
{Heap after GC invocations=119 (full 0):
 garbage-first heap   total 331776K, used 169865K [0x0000000080000000, 0x0000000100000000)
  region size 1024K, 2 young (2048K), 2 survivors (2048K)
 Metaspace       used 137850K, capacity 141670K, committed 142028K, reserved 1173504K
  class space    used 16934K, capacity 18349K, committed 18380K, reserved 1048576K
}
Event: 7178.257 GC heap before
{Heap before GC invocations=119 (full 0):
 garbage-first heap   total 331776K, used 213897K [0x0000000080000000, 0x0000000100000000)
  region size 1024K, 47 young (48128K), 2 survivors (2048K)
 Metaspace       used 137905K, capacity 141686K, committed 142028K, reserved 1173504K
  class space    used 16937K, capacity 18353K, committed 18380K, reserved 1048576K
}
Event: 7178.274 GC heap after
{Heap after GC invocations=120 (full 0):
 garbage-first heap   total 331776K, used 170889K [0x0000000080000000, 0x0000000100000000)
  region size 1024K, 3 young (3072K), 3 survivors (3072K)
 Metaspace       used 137905K, capacity 141686K, committed 142028K, reserved 1173504K
  class space    used 16937K, capacity 18353K, committed 18380K, reserved 1048576K
}

