# JRE version: OpenJDK Runtime Environment (11.0.8+10) (build 11.0.8+10-b944.6842174)
# Java VM: OpenJDK 64-Bit Server VM (11.0.8+10-b944.6842174, mixed mode, tiered, compressed oops, g1 gc, windows-amd64)
Heap:
 garbage-first heap   total 609280K, used 177664K [0x0000000080000000, 0x0000000100000000)
  region size 1024K, 6 young (6144K), 6 survivors (6144K)
 Metaspace       used 133593K, capacity 137143K, committed 137212K, reserved 1169408K
  class space    used 16299K, capacity 17480K, committed 17536K, reserved 1048576K
GC Heap History (20 events):
Event: 839.199 GC heap after
{Heap after GC invocations=73 (full 0):
 garbage-first heap   total 199680K, used 146161K [0x0000000080000000, 0x0000000100000000)
  region size 1024K, 3 young (3072K), 3 survivors (3072K)
 Metaspace       used 124299K, capacity 127483K, committed 127740K, reserved 1161216K
  class space    used 15133K, capacity 16243K, committed 16256K, reserved 1048576K
}
Event: 839.353 GC heap before
{Heap before GC invocations=73 (full 0):
 garbage-first heap   total 199680K, used 164593K [0x0000000080000000, 0x0000000100000000)
  region size 1024K, 21 young (21504K), 3 survivors (3072K)
 Metaspace       used 124620K, capacity 127803K, committed 127996K, reserved 1161216K
  class space    used 15155K, capacity 16243K, committed 16256K, reserved 1048576K
}
Event: 839.365 GC heap after
{Heap after GC invocations=74 (full 0):
 garbage-first heap   total 199680K, used 149887K [0x0000000080000000, 0x0000000100000000)
  region size 1024K, 3 young (3072K), 3 survivors (3072K)
 Metaspace       used 124620K, capacity 127803K, committed 127996K, reserved 1161216K
  class space    used 15155K, capacity 16243K, committed 16256K, reserved 1048576K
}
Event: 839.787 GC heap before
{Heap before GC invocations=75 (full 0):
 garbage-first heap   total 199680K, used 157055K [0x0000000080000000, 0x0000000100000000)
  region size 1024K, 20 young (20480K), 3 survivors (3072K)
 Metaspace       used 125252K, capacity 128392K, committed 128636K, reserved 1161216K
  class space    used 15202K, capacity 16310K, committed 16384K, reserved 1048576K
}
Event: 839.804 GC heap after
{Heap after GC invocations=76 (full 0):
 garbage-first heap   total 239616K, used 141498K [0x0000000080000000, 0x0000000100000000)
  region size 1024K, 1 young (1024K), 1 survivors (1024K)
 Metaspace       used 125252K, capacity 128392K, committed 128636K, reserved 1161216K
  class space    used 15202K, capacity 16310K, committed 16384K, reserved 1048576K
}
Event: 840.032 GC heap before
{Heap before GC invocations=76 (full 0):
 garbage-first heap   total 239616K, used 150714K [0x0000000080000000, 0x0000000100000000)
  region size 1024K, 11 young (11264K), 1 survivors (1024K)
 Metaspace       used 125622K, capacity 128753K, committed 128892K, reserved 1161216K
  class space    used 15249K, capacity 16345K, committed 16384K, reserved 1048576K
}
Event: 840.051 GC heap after
{Heap after GC invocations=77 (full 0):
 garbage-first heap   total 239616K, used 128000K [0x0000000080000000, 0x0000000100000000)
  region size 1024K, 1 young (1024K), 1 survivors (1024K)
 Metaspace       used 125622K, capacity 128753K, committed 128892K, reserved 1161216K
  class space    used 15249K, capacity 16345K, committed 16384K, reserved 1048576K
}
Event: 841.308 GC heap before
{Heap before GC invocations=77 (full 0):
 garbage-first heap   total 239616K, used 166912K [0x0000000080000000, 0x0000000100000000)
  region size 1024K, 40 young (40960K), 1 survivors (1024K)
 Metaspace       used 126401K, capacity 129602K, committed 129788K, reserved 1163264K
  class space    used 15334K, capacity 16429K, committed 16512K, reserved 1048576K
}
Event: 841.326 GC heap after
{Heap after GC invocations=78 (full 0):
 garbage-first heap   total 239616K, used 130630K [0x0000000080000000, 0x0000000100000000)
  region size 1024K, 4 young (4096K), 4 survivors (4096K)
 Metaspace       used 126401K, capacity 129602K, committed 129788K, reserved 1163264K
  class space    used 15334K, capacity 16429K, committed 16512K, reserved 1048576K
}
Event: 842.185 GC heap before
{Heap before GC invocations=79 (full 0):
 garbage-first heap   total 239616K, used 168518K [0x0000000080000000, 0x0000000100000000)
  region size 1024K, 44 young (45056K), 4 survivors (4096K)
 Metaspace       used 126715K, capacity 129902K, committed 130044K, reserved 1163264K
  class space    used 15366K, capacity 16465K, committed 16512K, reserved 1048576K
}
Event: 842.198 GC heap after
{Heap after GC invocations=80 (full 0):
 garbage-first heap   total 239616K, used 129200K [0x0000000080000000, 0x0000000100000000)
  region size 1024K, 4 young (4096K), 4 survivors (4096K)
 Metaspace       used 126715K, capacity 129902K, committed 130044K, reserved 1163264K
  class space    used 15366K, capacity 16465K, committed 16512K, reserved 1048576K
}
Event: 842.318 GC heap before
{Heap before GC invocations=80 (full 0):
 garbage-first heap   total 239616K, used 135344K [0x0000000080000000, 0x0000000100000000)
  region size 1024K, 11 young (11264K), 4 survivors (4096K)
 Metaspace       used 126765K, capacity 129983K, committed 130044K, reserved 1163264K
  class space    used 15371K, capacity 16470K, committed 16512K, reserved 1048576K
}
Event: 842.336 GC heap after
{Heap after GC invocations=81 (full 0):
 garbage-first heap   total 325632K, used 120990K [0x0000000080000000, 0x0000000100000000)
  region size 1024K, 2 young (2048K), 2 survivors (2048K)
 Metaspace       used 126765K, capacity 129983K, committed 130044K, reserved 1163264K
  class space    used 15371K, capacity 16470K, committed 16512K, reserved 1048576K
}
Event: 843.466 GC heap before
{Heap before GC invocations=81 (full 0):
 garbage-first heap   total 325632K, used 207006K [0x0000000080000000, 0x0000000100000000)
  region size 1024K, 77 young (78848K), 2 survivors (2048K)
 Metaspace       used 127283K, capacity 130562K, committed 130684K, reserved 1163264K
  class space    used 15443K, capacity 16554K, committed 16640K, reserved 1048576K
}
Event: 843.485 GC heap after
{Heap after GC invocations=82 (full 0):
 garbage-first heap   total 325632K, used 138072K [0x0000000080000000, 0x0000000100000000)
  region size 1024K, 10 young (10240K), 10 survivors (10240K)
 Metaspace       used 127283K, capacity 130562K, committed 130684K, reserved 1163264K
  class space    used 15443K, capacity 16554K, committed 16640K, reserved 1048576K
}
Event: 844.470 GC heap before
{Heap before GC invocations=82 (full 0):
 garbage-first heap   total 325632K, used 224088K [0x0000000080000000, 0x0000000100000000)
  region size 1024K, 95 young (97280K), 10 survivors (10240K)
 Metaspace       used 129127K, capacity 132446K, committed 132732K, reserved 1165312K
  class space    used 15678K, capacity 16816K, committed 16896K, reserved 1048576K
}
Event: 844.531 GC heap after
{Heap after GC invocations=83 (full 0):
 garbage-first heap   total 325632K, used 157083K [0x0000000080000000, 0x0000000100000000)
  region size 1024K, 12 young (12288K), 12 survivors (12288K)
 Metaspace       used 129127K, capacity 132446K, committed 132732K, reserved 1165312K
  class space    used 15678K, capacity 16816K, committed 16896K, reserved 1048576K
}
Event: 845.035 GC heap before
{Heap before GC invocations=83 (full 0):
 garbage-first heap   total 325632K, used 229787K [0x0000000080000000, 0x0000000100000000)
  region size 1024K, 83 young (84992K), 12 survivors (12288K)
 Metaspace       used 130402K, capacity 133851K, committed 133884K, reserved 1167360K
  class space    used 15856K, capacity 17005K, committed 17024K, reserved 1048576K
}
Event: 845.148 GC heap after
{Heap after GC invocations=84 (full 0):
 garbage-first heap   total 325632K, used 170496K [0x0000000080000000, 0x0000000100000000)
  region size 1024K, 11 young (11264K), 11 survivors (11264K)
 Metaspace       used 130402K, capacity 133851K, committed 133884K, reserved 1167360K
  class space    used 15856K, capacity 17005K, committed 17024K, reserved 1048576K
}
Event: 847.018 GC heap before
{Heap before GC invocations=84 (full 0):
 garbage-first heap   total 325632K, used 238080K [0x0000000080000000, 0x0000000100000000)
  region size 1024K, 77 young (78848K), 11 survivors (11264K)
 Metaspace       used 133593K, capacity 137143K, committed 137212K, reserved 1169408K
  class space    used 16299K, capacity 17480K, committed 17536K, reserved 1048576K
}

