# JRE version: OpenJDK Runtime Environment (11.0.8+10) (build 11.0.8+10-b944.6842174)
# Java VM: OpenJDK 64-Bit Server VM (11.0.8+10-b944.6842174, mixed mode, tiered, compressed oops, g1 gc, windows-amd64)
Heap:
 garbage-first heap   total 590848K, used 201477K [0x0000000080000000, 0x0000000100000000)
  region size 1024K, 2 young (2048K), 2 survivors (2048K)
 Metaspace       used 110156K, capacity 112941K, committed 113612K, reserved 1146880K
  class space    used 14270K, capacity 15322K, committed 15616K, reserved 1048576K
GC Heap History (20 events):
Event: 80.267 GC heap after
{Heap after GC invocations=45 (full 0):
 garbage-first heap   total 165888K, used 125482K [0x0000000080000000, 0x0000000100000000)
  region size 1024K, 3 young (3072K), 3 survivors (3072K)
 Metaspace       used 109655K, capacity 112462K, committed 113100K, reserved 1146880K
  class space    used 14261K, capacity 15316K, committed 15616K, reserved 1048576K
}
Event: 80.453 GC heap before
{Heap before GC invocations=45 (full 0):
 garbage-first heap   total 165888K, used 135722K [0x0000000080000000, 0x0000000100000000)
  region size 1024K, 14 young (14336K), 3 survivors (3072K)
 Metaspace       used 109671K, capacity 112464K, committed 113100K, reserved 1146880K
  class space    used 14261K, capacity 15316K, committed 15616K, reserved 1048576K
}
Event: 80.482 GC heap after
{Heap after GC invocations=46 (full 0):
 garbage-first heap   total 165888K, used 132370K [0x0000000080000000, 0x0000000100000000)
  region size 1024K, 2 young (2048K), 2 survivors (2048K)
 Metaspace       used 109671K, capacity 112464K, committed 113100K, reserved 1146880K
  class space    used 14261K, capacity 15316K, committed 15616K, reserved 1048576K
}
Event: 80.575 GC heap before
{Heap before GC invocations=46 (full 0):
 garbage-first heap   total 165888K, used 138514K [0x0000000080000000, 0x0000000100000000)
  region size 1024K, 8 young (8192K), 2 survivors (2048K)
 Metaspace       used 109679K, capacity 112465K, committed 113100K, reserved 1146880K
  class space    used 14261K, capacity 15316K, committed 15616K, reserved 1048576K
}
Event: 80.591 GC heap after
{Heap after GC invocations=47 (full 0):
 garbage-first heap   total 215040K, used 136503K [0x0000000080000000, 0x0000000100000000)
  region size 1024K, 1 young (1024K), 1 survivors (1024K)
 Metaspace       used 109679K, capacity 112465K, committed 113100K, reserved 1146880K
  class space    used 14261K, capacity 15316K, committed 15616K, reserved 1048576K
}
Event: 81.191 GC heap before
{Heap before GC invocations=48 (full 0):
 garbage-first heap   total 215040K, used 164151K [0x0000000080000000, 0x0000000100000000)
  region size 1024K, 28 young (28672K), 1 survivors (1024K)
 Metaspace       used 109717K, capacity 112530K, committed 113356K, reserved 1146880K
  class space    used 14261K, capacity 15316K, committed 15616K, reserved 1048576K
}
Event: 81.234 GC heap after
{Heap after GC invocations=49 (full 0):
 garbage-first heap   total 215040K, used 153042K [0x0000000080000000, 0x0000000100000000)
  region size 1024K, 4 young (4096K), 4 survivors (4096K)
 Metaspace       used 109717K, capacity 112530K, committed 113356K, reserved 1146880K
  class space    used 14261K, capacity 15316K, committed 15616K, reserved 1048576K
}
Event: 81.308 GC heap before
{Heap before GC invocations=49 (full 0):
 garbage-first heap   total 215040K, used 161234K [0x0000000080000000, 0x0000000100000000)
  region size 1024K, 10 young (10240K), 4 survivors (4096K)
 Metaspace       used 109717K, capacity 112530K, committed 113356K, reserved 1146880K
  class space    used 14261K, capacity 15316K, committed 15616K, reserved 1048576K
}
Event: 81.346 GC heap after
{Heap after GC invocations=50 (full 0):
 garbage-first heap   total 215040K, used 158464K [0x0000000080000000, 0x0000000100000000)
  region size 1024K, 2 young (2048K), 2 survivors (2048K)
 Metaspace       used 109717K, capacity 112530K, committed 113356K, reserved 1146880K
  class space    used 14261K, capacity 15316K, committed 15616K, reserved 1048576K
}
Event: 81.581 GC heap before
{Heap before GC invocations=50 (full 0):
 garbage-first heap   total 215040K, used 172800K [0x0000000080000000, 0x0000000100000000)
  region size 1024K, 17 young (17408K), 2 survivors (2048K)
 Metaspace       used 109813K, capacity 112552K, committed 113356K, reserved 1146880K
  class space    used 14267K, capacity 15320K, committed 15616K, reserved 1048576K
}
Event: 81.604 GC heap after
{Heap after GC invocations=51 (full 0):
 garbage-first heap   total 215040K, used 162816K [0x0000000080000000, 0x0000000100000000)
  region size 1024K, 3 young (3072K), 3 survivors (3072K)
 Metaspace       used 109813K, capacity 112552K, committed 113356K, reserved 1146880K
  class space    used 14267K, capacity 15320K, committed 15616K, reserved 1048576K
}
Event: 81.982 GC heap before
{Heap before GC invocations=51 (full 0):
 garbage-first heap   total 215040K, used 177152K [0x0000000080000000, 0x0000000100000000)
  region size 1024K, 17 young (17408K), 3 survivors (3072K)
 Metaspace       used 109880K, capacity 112684K, committed 113356K, reserved 1146880K
  class space    used 14267K, capacity 15320K, committed 15616K, reserved 1048576K
}
Event: 82.023 GC heap after
{Heap after GC invocations=52 (full 0):
 garbage-first heap   total 330752K, used 167877K [0x0000000080000000, 0x0000000100000000)
  region size 1024K, 3 young (3072K), 3 survivors (3072K)
 Metaspace       used 109880K, capacity 112684K, committed 113356K, reserved 1146880K
  class space    used 14267K, capacity 15320K, committed 15616K, reserved 1048576K
}
Event: 83.645 GC heap before
{Heap before GC invocations=53 (full 0):
 garbage-first heap   total 330752K, used 222149K [0x0000000080000000, 0x0000000100000000)
  region size 1024K, 52 young (53248K), 3 survivors (3072K)
 Metaspace       used 109961K, capacity 112767K, committed 113356K, reserved 1146880K
  class space    used 14268K, capacity 15320K, committed 15616K, reserved 1048576K
}
Event: 83.697 GC heap after
{Heap after GC invocations=54 (full 0):
 garbage-first heap   total 330752K, used 181824K [0x0000000080000000, 0x0000000100000000)
  region size 1024K, 7 young (7168K), 7 survivors (7168K)
 Metaspace       used 109961K, capacity 112767K, committed 113356K, reserved 1146880K
  class space    used 14268K, capacity 15320K, committed 15616K, reserved 1048576K
}
Event: 83.769 GC heap before
{Heap before GC invocations=54 (full 0):
 garbage-first heap   total 330752K, used 191040K [0x0000000080000000, 0x0000000100000000)
  region size 1024K, 16 young (16384K), 7 survivors (7168K)
 Metaspace       used 109962K, capacity 112767K, committed 113356K, reserved 1146880K
  class space    used 14268K, capacity 15320K, committed 15616K, reserved 1048576K
}
Event: 83.800 GC heap after
{Heap after GC invocations=55 (full 0):
 garbage-first heap   total 330752K, used 183104K [0x0000000080000000, 0x0000000100000000)
  region size 1024K, 2 young (2048K), 2 survivors (2048K)
 Metaspace       used 109962K, capacity 112767K, committed 113356K, reserved 1146880K
  class space    used 14268K, capacity 15320K, committed 15616K, reserved 1048576K
}
Event: 84.068 GC heap before
{Heap before GC invocations=55 (full 0):
 garbage-first heap   total 330752K, used 238400K [0x0000000080000000, 0x0000000100000000)
  region size 1024K, 50 young (51200K), 2 survivors (2048K)
 Metaspace       used 109983K, capacity 112770K, committed 113356K, reserved 1146880K
  class space    used 14268K, capacity 15320K, committed 15616K, reserved 1048576K
}
Event: 84.091 GC heap after
{Heap after GC invocations=56 (full 0):
 garbage-first heap   total 330752K, used 196833K [0x0000000080000000, 0x0000000100000000)
  region size 1024K, 7 young (7168K), 7 survivors (7168K)
 Metaspace       used 109983K, capacity 112770K, committed 113356K, reserved 1146880K
  class space    used 14268K, capacity 15320K, committed 15616K, reserved 1048576K
}
Event: 85.754 GC heap before
{Heap before GC invocations=57 (full 0):
 garbage-first heap   total 330752K, used 248033K [0x0000000080000000, 0x0000000100000000)
  region size 1024K, 54 young (55296K), 7 survivors (7168K)
 Metaspace       used 110156K, capacity 112941K, committed 113612K, reserved 1146880K
  class space    used 14270K, capacity 15322K, committed 15616K, reserved 1048576K
}

