# JRE version: OpenJDK Runtime Environment (11.0.8+10) (build 11.0.8+10-b944.6842174)
# Java VM: OpenJDK 64-Bit Server VM (11.0.8+10-b944.6842174, mixed mode, tiered, compressed oops, g1 gc, windows-amd64)
Heap:
 garbage-first heap   total 312320K, used 215762K [0x0000000080000000, 0x0000000100000000)
  region size 1024K, 68 young (69632K), 2 survivors (2048K)
 Metaspace       used 101237K, capacity 103725K, committed 103808K, reserved 1138688K
  class space    used 13015K, capacity 13937K, committed 13952K, reserved 1048576K
GC Heap History (20 events):
Event: 29.891 GC heap before
{Heap before GC invocations=35 (full 0):
 garbage-first heap   total 208896K, used 160768K [0x0000000080000000, 0x0000000100000000)
  region size 1024K, 35 young (35840K), 5 survivors (5120K)
 Metaspace       used 91237K, capacity 93322K, committed 93440K, reserved 1130496K
  class space    used 11960K, capacity 12721K, committed 12800K, reserved 1048576K
}
Event: 29.956 GC heap after
{Heap after GC invocations=36 (full 0):
 garbage-first heap   total 208896K, used 145152K [0x0000000080000000, 0x0000000100000000)
  region size 1024K, 5 young (5120K), 5 survivors (5120K)
 Metaspace       used 91237K, capacity 93322K, committed 93440K, reserved 1130496K
  class space    used 11960K, capacity 12721K, committed 12800K, reserved 1048576K
}
Event: 30.448 GC heap before
{Heap before GC invocations=36 (full 0):
 garbage-first heap   total 208896K, used 166656K [0x0000000080000000, 0x0000000100000000)
  region size 1024K, 26 young (26624K), 5 survivors (5120K)
 Metaspace       used 91875K, capacity 94055K, committed 94336K, reserved 1130496K
  class space    used 12031K, capacity 12832K, committed 12928K, reserved 1048576K
}
Event: 30.498 GC heap after
{Heap after GC invocations=37 (full 0):
 garbage-first heap   total 208896K, used 151552K [0x0000000080000000, 0x0000000100000000)
  region size 1024K, 4 young (4096K), 4 survivors (4096K)
 Metaspace       used 91875K, capacity 94055K, committed 94336K, reserved 1130496K
  class space    used 12031K, capacity 12832K, committed 12928K, reserved 1048576K
}
Event: 31.298 GC heap before
{Heap before GC invocations=37 (full 0):
 garbage-first heap   total 208896K, used 161792K [0x0000000080000000, 0x0000000100000000)
  region size 1024K, 23 young (23552K), 4 survivors (4096K)
 Metaspace       used 91890K, capacity 94051K, committed 94336K, reserved 1130496K
  class space    used 12030K, capacity 12829K, committed 12928K, reserved 1048576K
}
Event: 31.362 GC heap after
{Heap after GC invocations=38 (full 0):
 garbage-first heap   total 208896K, used 148126K [0x0000000080000000, 0x0000000100000000)
  region size 1024K, 3 young (3072K), 3 survivors (3072K)
 Metaspace       used 91890K, capacity 94051K, committed 94336K, reserved 1130496K
  class space    used 12030K, capacity 12829K, committed 12928K, reserved 1048576K
}
Event: 31.671 GC heap before
{Heap before GC invocations=39 (full 0):
 garbage-first heap   total 208896K, used 161438K [0x0000000080000000, 0x0000000100000000)
  region size 1024K, 15 young (15360K), 3 survivors (3072K)
 Metaspace       used 91895K, capacity 94055K, committed 94336K, reserved 1130496K
  class space    used 12030K, capacity 12829K, committed 12928K, reserved 1048576K
}
Event: 31.708 GC heap after
{Heap after GC invocations=40 (full 0):
 garbage-first heap   total 312320K, used 154569K [0x0000000080000000, 0x0000000100000000)
  region size 1024K, 3 young (3072K), 3 survivors (3072K)
 Metaspace       used 91895K, capacity 94055K, committed 94336K, reserved 1130496K
  class space    used 12030K, capacity 12829K, committed 12928K, reserved 1048576K
}
Event: 33.162 GC heap before
{Heap before GC invocations=41 (full 0):
 garbage-first heap   total 312320K, used 194505K [0x0000000080000000, 0x0000000100000000)
  region size 1024K, 33 young (33792K), 3 survivors (3072K)
 Metaspace       used 92279K, capacity 94431K, committed 94592K, reserved 1130496K
  class space    used 12061K, capacity 12842K, committed 12928K, reserved 1048576K
}
Event: 33.188 GC heap after
{Heap after GC invocations=42 (full 0):
 garbage-first heap   total 312320K, used 170496K [0x0000000080000000, 0x0000000100000000)
  region size 1024K, 7 young (7168K), 7 survivors (7168K)
 Metaspace       used 92279K, capacity 94431K, committed 94592K, reserved 1130496K
  class space    used 12061K, capacity 12842K, committed 12928K, reserved 1048576K
}
Event: 33.642 GC heap before
{Heap before GC invocations=42 (full 0):
 garbage-first heap   total 312320K, used 222720K [0x0000000080000000, 0x0000000100000000)
  region size 1024K, 51 young (52224K), 7 survivors (7168K)
 Metaspace       used 92420K, capacity 94619K, committed 94848K, reserved 1130496K
  class space    used 12077K, capacity 12881K, committed 12928K, reserved 1048576K
}
Event: 33.673 GC heap after
{Heap after GC invocations=43 (full 0):
 garbage-first heap   total 312320K, used 183680K [0x0000000080000000, 0x0000000100000000)
  region size 1024K, 7 young (7168K), 7 survivors (7168K)
 Metaspace       used 92420K, capacity 94619K, committed 94848K, reserved 1130496K
  class space    used 12077K, capacity 12881K, committed 12928K, reserved 1048576K
}
Event: 34.889 GC heap before
{Heap before GC invocations=44 (full 0):
 garbage-first heap   total 312320K, used 231808K [0x0000000080000000, 0x0000000100000000)
  region size 1024K, 50 young (51200K), 7 survivors (7168K)
 Metaspace       used 92670K, capacity 94883K, committed 95104K, reserved 1132544K
  class space    used 12090K, capacity 12899K, committed 12928K, reserved 1048576K
}
Event: 34.910 GC heap after
{Heap after GC invocations=45 (full 0):
 garbage-first heap   total 312320K, used 190502K [0x0000000080000000, 0x0000000100000000)
  region size 1024K, 2 young (2048K), 2 survivors (2048K)
 Metaspace       used 92670K, capacity 94883K, committed 95104K, reserved 1132544K
  class space    used 12090K, capacity 12899K, committed 12928K, reserved 1048576K
}
Event: 36.947 GC heap before
{Heap before GC invocations=45 (full 0):
 garbage-first heap   total 312320K, used 228390K [0x0000000080000000, 0x0000000100000000)
  region size 1024K, 40 young (40960K), 2 survivors (2048K)
 Metaspace       used 94922K, capacity 97199K, committed 97536K, reserved 1134592K
  class space    used 12394K, capacity 13228K, committed 13312K, reserved 1048576K
}
Event: 36.964 GC heap after
{Heap after GC invocations=46 (full 0):
 garbage-first heap   total 312320K, used 185959K [0x0000000080000000, 0x0000000100000000)
  region size 1024K, 5 young (5120K), 5 survivors (5120K)
 Metaspace       used 94922K, capacity 97199K, committed 97536K, reserved 1134592K
  class space    used 12394K, capacity 13228K, committed 13312K, reserved 1048576K
}
Event: 90.809 GC heap before
{Heap before GC invocations=47 (full 0):
 garbage-first heap   total 312320K, used 232039K [0x0000000080000000, 0x0000000100000000)
  region size 1024K, 53 young (54272K), 5 survivors (5120K)
 Metaspace       used 98719K, capacity 101021K, committed 101120K, reserved 1136640K
  class space    used 12700K, capacity 13560K, committed 13568K, reserved 1048576K
}
Event: 90.831 GC heap after
{Heap after GC invocations=48 (full 0):
 garbage-first heap   total 312320K, used 163569K [0x0000000080000000, 0x0000000100000000)
  region size 1024K, 6 young (6144K), 6 survivors (6144K)
 Metaspace       used 98719K, capacity 101021K, committed 101120K, reserved 1136640K
  class space    used 12700K, capacity 13560K, committed 13568K, reserved 1048576K
}
Event: 91.124 GC heap before
{Heap before GC invocations=48 (full 0):
 garbage-first heap   total 312320K, used 172785K [0x0000000080000000, 0x0000000100000000)
  region size 1024K, 15 young (15360K), 6 survivors (6144K)
 Metaspace       used 98869K, capacity 101171K, committed 101376K, reserved 1136640K
  class space    used 12701K, capacity 13562K, committed 13568K, reserved 1048576K
}
Event: 91.156 GC heap after
{Heap after GC invocations=49 (full 0):
 garbage-first heap   total 312320K, used 150226K [0x0000000080000000, 0x0000000100000000)
  region size 1024K, 2 young (2048K), 2 survivors (2048K)
 Metaspace       used 98869K, capacity 101171K, committed 101376K, reserved 1136640K
  class space    used 12701K, capacity 13562K, committed 13568K, reserved 1048576K
}

