# JRE version: OpenJDK Runtime Environment (11.0.8+10) (build 11.0.8+10-b944.6842174)
# Java VM: OpenJDK 64-Bit Server VM (11.0.8+10-b944.6842174, mixed mode, tiered, compressed oops, g1 gc, windows-amd64)
Heap:
 garbage-first heap   total 332800K, used 150528K [0x0000000080000000, 0x0000000100000000)
  region size 1024K, 6 young (6144K), 2 survivors (2048K)
 Metaspace       used 91331K, capacity 93457K, committed 93772K, reserved 1130496K
  class space    used 11973K, capacity 12764K, committed 12876K, reserved 1048576K
GC Heap History (20 events):
Event: 18.285 GC heap before
{Heap before GC invocations=24 (full 0):
 garbage-first heap   total 138240K, used 106027K [0x0000000080000000, 0x0000000100000000)
  region size 1024K, 49 young (50176K), 6 survivors (6144K)
 Metaspace       used 78437K, capacity 80225K, committed 80460K, reserved 1118208K
  class space    used 10185K, capacity 10811K, committed 10828K, reserved 1048576K
}
Event: 18.309 GC heap after
{Heap after GC invocations=25 (full 0):
 garbage-first heap   total 165888K, used 65811K [0x0000000080000000, 0x0000000100000000)
  region size 1024K, 6 young (6144K), 6 survivors (6144K)
 Metaspace       used 78437K, capacity 80225K, committed 80460K, reserved 1118208K
  class space    used 10185K, capacity 10811K, committed 10828K, reserved 1048576K
}
Event: 19.391 GC heap before
{Heap before GC invocations=25 (full 0):
 garbage-first heap   total 165888K, used 119059K [0x0000000080000000, 0x0000000100000000)
  region size 1024K, 59 young (60416K), 6 survivors (6144K)
 Metaspace       used 80663K, capacity 82605K, committed 82892K, reserved 1120256K
  class space    used 10464K, capacity 11114K, committed 11212K, reserved 1048576K
}
Event: 19.409 GC heap after
{Heap after GC invocations=26 (full 0):
 garbage-first heap   total 165888K, used 68906K [0x0000000080000000, 0x0000000100000000)
  region size 1024K, 6 young (6144K), 6 survivors (6144K)
 Metaspace       used 80663K, capacity 82605K, committed 82892K, reserved 1120256K
  class space    used 10464K, capacity 11114K, committed 11212K, reserved 1048576K
}
Event: 20.674 GC heap before
{Heap before GC invocations=26 (full 0):
 garbage-first heap   total 165888K, used 125226K [0x0000000080000000, 0x0000000100000000)
  region size 1024K, 61 young (62464K), 6 survivors (6144K)
 Metaspace       used 84328K, capacity 86253K, committed 86348K, reserved 1124352K
  class space    used 10904K, capacity 11559K, committed 11596K, reserved 1048576K
}
Event: 20.701 GC heap after
{Heap after GC invocations=27 (full 0):
 garbage-first heap   total 165888K, used 72628K [0x0000000080000000, 0x0000000100000000)
  region size 1024K, 7 young (7168K), 7 survivors (7168K)
 Metaspace       used 84328K, capacity 86253K, committed 86348K, reserved 1124352K
  class space    used 10904K, capacity 11559K, committed 11596K, reserved 1048576K
}
Event: 21.954 GC heap before
{Heap before GC invocations=27 (full 0):
 garbage-first heap   total 165888K, used 136116K [0x0000000080000000, 0x0000000100000000)
  region size 1024K, 63 young (64512K), 7 survivors (7168K)
 Metaspace       used 85833K, capacity 87874K, committed 88140K, reserved 1126400K
  class space    used 11097K, capacity 11788K, committed 11852K, reserved 1048576K
}
Event: 21.974 GC heap after
{Heap after GC invocations=28 (full 0):
 garbage-first heap   total 165888K, used 83565K [0x0000000080000000, 0x0000000100000000)
  region size 1024K, 4 young (4096K), 4 survivors (4096K)
 Metaspace       used 85833K, capacity 87874K, committed 88140K, reserved 1126400K
  class space    used 11097K, capacity 11788K, committed 11852K, reserved 1048576K
}
Event: 22.181 GC heap before
{Heap before GC invocations=28 (full 0):
 garbage-first heap   total 165888K, used 87661K [0x0000000080000000, 0x0000000100000000)
  region size 1024K, 9 young (9216K), 4 survivors (4096K)
 Metaspace       used 87226K, capacity 89222K, committed 89420K, reserved 1126400K
  class space    used 11299K, capacity 12006K, committed 12108K, reserved 1048576K
}
Event: 22.195 GC heap after
{Heap after GC invocations=29 (full 0):
 garbage-first heap   total 199680K, used 83589K [0x0000000080000000, 0x0000000100000000)
  region size 1024K, 4 young (4096K), 4 survivors (4096K)
 Metaspace       used 87226K, capacity 89222K, committed 89420K, reserved 1126400K
  class space    used 11299K, capacity 12006K, committed 12108K, reserved 1048576K
}
Event: 23.280 GC heap before
{Heap before GC invocations=30 (full 0):
 garbage-first heap   total 199680K, used 153221K [0x0000000080000000, 0x0000000100000000)
  region size 1024K, 58 young (59392K), 4 survivors (4096K)
 Metaspace       used 89439K, capacity 91474K, committed 91596K, reserved 1128448K
  class space    used 11692K, capacity 12411K, committed 12492K, reserved 1048576K
}
Event: 23.391 GC heap after
{Heap after GC invocations=31 (full 0):
 garbage-first heap   total 199680K, used 113944K [0x0000000080000000, 0x0000000100000000)
  region size 1024K, 8 young (8192K), 8 survivors (8192K)
 Metaspace       used 89439K, capacity 91474K, committed 91596K, reserved 1128448K
  class space    used 11692K, capacity 12411K, committed 12492K, reserved 1048576K
}
Event: 23.701 GC heap before
{Heap before GC invocations=31 (full 0):
 garbage-first heap   total 199680K, used 129304K [0x0000000080000000, 0x0000000100000000)
  region size 1024K, 24 young (24576K), 8 survivors (8192K)
 Metaspace       used 89464K, capacity 91474K, committed 91596K, reserved 1128448K
  class space    used 11692K, capacity 12411K, committed 12492K, reserved 1048576K
}
Event: 23.791 GC heap after
{Heap after GC invocations=32 (full 0):
 garbage-first heap   total 199680K, used 123904K [0x0000000080000000, 0x0000000100000000)
  region size 1024K, 3 young (3072K), 3 survivors (3072K)
 Metaspace       used 89464K, capacity 91474K, committed 91596K, reserved 1128448K
  class space    used 11692K, capacity 12411K, committed 12492K, reserved 1048576K
}
Event: 24.695 GC heap before
{Heap before GC invocations=33 (full 0):
 garbage-first heap   total 199680K, used 148480K [0x0000000080000000, 0x0000000100000000)
  region size 1024K, 27 young (27648K), 3 survivors (3072K)
 Metaspace       used 89518K, capacity 91541K, committed 91852K, reserved 1128448K
  class space    used 11693K, capacity 12411K, committed 12492K, reserved 1048576K
}
Event: 24.743 GC heap after
{Heap after GC invocations=34 (full 0):
 garbage-first heap   total 199680K, used 138752K [0x0000000080000000, 0x0000000100000000)
  region size 1024K, 4 young (4096K), 4 survivors (4096K)
 Metaspace       used 89518K, capacity 91541K, committed 91852K, reserved 1128448K
  class space    used 11693K, capacity 12411K, committed 12492K, reserved 1048576K
}
Event: 24.746 GC heap before
{Heap before GC invocations=34 (full 0):
 garbage-first heap   total 199680K, used 138752K [0x0000000080000000, 0x0000000100000000)
  region size 1024K, 5 young (5120K), 4 survivors (4096K)
 Metaspace       used 89518K, capacity 91541K, committed 91852K, reserved 1128448K
  class space    used 11693K, capacity 12411K, committed 12492K, reserved 1048576K
}
Event: 24.765 GC heap after
{Heap after GC invocations=35 (full 0):
 garbage-first heap   total 199680K, used 140342K [0x0000000080000000, 0x0000000100000000)
  region size 1024K, 1 young (1024K), 1 survivors (1024K)
 Metaspace       used 89518K, capacity 91541K, committed 91852K, reserved 1128448K
  class space    used 11693K, capacity 12411K, committed 12492K, reserved 1048576K
}
Event: 25.510 GC heap before
{Heap before GC invocations=35 (full 0):
 garbage-first heap   total 199680K, used 155702K [0x0000000080000000, 0x0000000100000000)
  region size 1024K, 15 young (15360K), 1 survivors (1024K)
 Metaspace       used 91201K, capacity 93276K, committed 93388K, reserved 1130496K
  class space    used 11953K, capacity 12707K, committed 12748K, reserved 1048576K
}
Event: 25.534 GC heap after
{Heap after GC invocations=36 (full 0):
 garbage-first heap   total 332800K, used 147456K [0x0000000080000000, 0x0000000100000000)
  region size 1024K, 2 young (2048K), 2 survivors (2048K)
 Metaspace       used 91201K, capacity 93276K, committed 93388K, reserved 1130496K
  class space    used 11953K, capacity 12707K, committed 12748K, reserved 1048576K
}

