# JRE version: OpenJDK Runtime Environment (11.0.8+10) (build 11.0.8+10-b944.6842174)
# Java VM: OpenJDK 64-Bit Server VM (11.0.8+10-b944.6842174, mixed mode, tiered, compressed oops, g1 gc, windows-amd64)
Heap:
 garbage-first heap   total 78848K, used 46371K [0x00000000c1a00000, 0x0000000100000000)
  region size 1024K, 23 young (23552K), 3 survivors (3072K)
 Metaspace       used 44064K, capacity 44487K, committed 44672K, reserved 1089536K
  class space    used 5270K, capacity 5443K, committed 5504K, reserved 1048576K
GC Heap History (16 events):
Event: 0.752 GC heap before
{Heap before GC invocations=0 (full 0):
 garbage-first heap   total 65536K, used 17408K [0x00000000c1a00000, 0x0000000100000000)
  region size 1024K, 14 young (14336K), 0 survivors (0K)
 Metaspace       used 9781K, capacity 9935K, committed 10112K, reserved 1058816K
  class space    used 831K, capacity 884K, committed 896K, reserved 1048576K
}
Event: 0.756 GC heap after
{Heap after GC invocations=1 (full 0):
 garbage-first heap   total 65536K, used 5124K [0x00000000c1a00000, 0x0000000100000000)
  region size 1024K, 2 young (2048K), 2 survivors (2048K)
 Metaspace       used 9781K, capacity 9935K, committed 10112K, reserved 1058816K
  class space    used 831K, capacity 884K, committed 896K, reserved 1048576K
}
Event: 2.207 GC heap before
{Heap before GC invocations=1 (full 0):
 garbage-first heap   total 65536K, used 41988K [0x00000000c1a00000, 0x0000000100000000)
  region size 1024K, 38 young (38912K), 2 survivors (2048K)
 Metaspace       used 18507K, capacity 18691K, committed 18944K, reserved 1067008K
  class space    used 1909K, capacity 1968K, committed 2048K, reserved 1048576K
}
Event: 2.221 GC heap after
{Heap after GC invocations=2 (full 0):
 garbage-first heap   total 65536K, used 8990K [0x00000000c1a00000, 0x0000000100000000)
  region size 1024K, 5 young (5120K), 5 survivors (5120K)
 Metaspace       used 18507K, capacity 18691K, committed 18944K, reserved 1067008K
  class space    used 1909K, capacity 1968K, committed 2048K, reserved 1048576K
}
Event: 2.712 GC heap before
{Heap before GC invocations=2 (full 0):
 garbage-first heap   total 65536K, used 17182K [0x00000000c1a00000, 0x0000000100000000)
  region size 1024K, 14 young (14336K), 5 survivors (5120K)
 Metaspace       used 20896K, capacity 21101K, committed 21248K, reserved 1069056K
  class space    used 2219K, capacity 2286K, committed 2304K, reserved 1048576K
}
Event: 2.725 GC heap after
{Heap after GC invocations=3 (full 0):
 garbage-first heap   total 65536K, used 9716K [0x00000000c1a00000, 0x0000000100000000)
  region size 1024K, 1 young (1024K), 1 survivors (1024K)
 Metaspace       used 20896K, capacity 21101K, committed 21248K, reserved 1069056K
  class space    used 2219K, capacity 2286K, committed 2304K, reserved 1048576K
}
Event: 3.577 GC heap before
{Heap before GC invocations=4 (full 0):
 garbage-first heap   total 65536K, used 37364K [0x00000000c1a00000, 0x0000000100000000)
  region size 1024K, 23 young (23552K), 1 survivors (1024K)
 Metaspace       used 26579K, capacity 26960K, committed 27136K, reserved 1073152K
  class space    used 2845K, capacity 2973K, committed 3072K, reserved 1048576K
}
Event: 3.583 GC heap after
{Heap after GC invocations=5 (full 0):
 garbage-first heap   total 65536K, used 17216K [0x00000000c1a00000, 0x0000000100000000)
  region size 1024K, 2 young (2048K), 2 survivors (2048K)
 Metaspace       used 26579K, capacity 26960K, committed 27136K, reserved 1073152K
  class space    used 2845K, capacity 2973K, committed 3072K, reserved 1048576K
}
Event: 4.248 GC heap before
{Heap before GC invocations=5 (full 0):
 garbage-first heap   total 65536K, used 41792K [0x00000000c1a00000, 0x0000000100000000)
  region size 1024K, 24 young (24576K), 2 survivors (2048K)
 Metaspace       used 30456K, capacity 30888K, committed 30976K, reserved 1077248K
  class space    used 3614K, capacity 3792K, committed 3840K, reserved 1048576K
}
Event: 4.268 GC heap after
{Heap after GC invocations=6 (full 0):
 garbage-first heap   total 65536K, used 23160K [0x00000000c1a00000, 0x0000000100000000)
  region size 1024K, 3 young (3072K), 3 survivors (3072K)
 Metaspace       used 30456K, capacity 30888K, committed 30976K, reserved 1077248K
  class space    used 3614K, capacity 3792K, committed 3840K, reserved 1048576K
}
Event: 4.774 GC heap before
{Heap before GC invocations=6 (full 0):
 garbage-first heap   total 65536K, used 43640K [0x00000000c1a00000, 0x0000000100000000)
  region size 1024K, 23 young (23552K), 3 survivors (3072K)
 Metaspace       used 34737K, capacity 35142K, committed 35328K, reserved 1081344K
  class space    used 4088K, capacity 4250K, committed 4352K, reserved 1048576K
}
Event: 4.785 GC heap after
{Heap after GC invocations=7 (full 0):
 garbage-first heap   total 78848K, used 25400K [0x00000000c1a00000, 0x0000000100000000)
  region size 1024K, 2 young (2048K), 2 survivors (2048K)
 Metaspace       used 34737K, capacity 35142K, committed 35328K, reserved 1081344K
  class space    used 4088K, capacity 4250K, committed 4352K, reserved 1048576K
}
Event: 4.837 GC heap before
{Heap before GC invocations=7 (full 0):
 garbage-first heap   total 78848K, used 27448K [0x00000000c1a00000, 0x0000000100000000)
  region size 1024K, 5 young (5120K), 2 survivors (2048K)
 Metaspace       used 35119K, capacity 35533K, committed 35584K, reserved 1081344K
  class space    used 4140K, capacity 4315K, committed 4352K, reserved 1048576K
}
Event: 4.846 GC heap after
{Heap after GC invocations=8 (full 0):
 garbage-first heap   total 78848K, used 25608K [0x00000000c1a00000, 0x0000000100000000)
  region size 1024K, 3 young (3072K), 3 survivors (3072K)
 Metaspace       used 35119K, capacity 35533K, committed 35584K, reserved 1081344K
  class space    used 4140K, capacity 4315K, committed 4352K, reserved 1048576K
}
Event: 5.343 GC heap before
{Heap before GC invocations=9 (full 0):
 garbage-first heap   total 78848K, used 46088K [0x00000000c1a00000, 0x0000000100000000)
  region size 1024K, 23 young (23552K), 3 survivors (3072K)
 Metaspace       used 38954K, capacity 39417K, committed 39680K, reserved 1083392K
  class space    used 4639K, capacity 4798K, committed 4864K, reserved 1048576K
}
Event: 5.360 GC heap after
{Heap after GC invocations=10 (full 0):
 garbage-first heap   total 78848K, used 27939K [0x00000000c1a00000, 0x0000000100000000)
  region size 1024K, 3 young (3072K), 3 survivors (3072K)
 Metaspace       used 38954K, capacity 39417K, committed 39680K, reserved 1083392K
  class space    used 4639K, capacity 4798K, committed 4864K, reserved 1048576K
}

