# JRE version: OpenJDK Runtime Environment (11.0.8+10) (build 11.0.8+10-b944.6842174)
# Java VM: OpenJDK 64-Bit Server VM (11.0.8+10-b944.6842174, mixed mode, tiered, compressed oops, g1 gc, windows-amd64)
Heap:
 garbage-first heap   total 65536K, used 17246K [0x00000000c1a00000, 0x0000000100000000)
  region size 1024K, 3 young (3072K), 2 survivors (2048K)
 Metaspace       used 26850K, capacity 27293K, committed 27392K, reserved 1073152K
  class space    used 2889K, capacity 3042K, committed 3072K, reserved 1048576K
GC Heap History (8 events):
Event: 0.655 GC heap before
{Heap before GC invocations=0 (full 0):
 garbage-first heap   total 65536K, used 17408K [0x00000000c1a00000, 0x0000000100000000)
  region size 1024K, 14 young (14336K), 0 survivors (0K)
 Metaspace       used 9786K, capacity 9935K, committed 10112K, reserved 1058816K
  class space    used 831K, capacity 884K, committed 896K, reserved 1048576K
}
Event: 0.659 GC heap after
{Heap after GC invocations=1 (full 0):
 garbage-first heap   total 65536K, used 5128K [0x00000000c1a00000, 0x0000000100000000)
  region size 1024K, 2 young (2048K), 2 survivors (2048K)
 Metaspace       used 9786K, capacity 9935K, committed 10112K, reserved 1058816K
  class space    used 831K, capacity 884K, committed 896K, reserved 1048576K
}
Event: 1.748 GC heap before
{Heap before GC invocations=1 (full 0):
 garbage-first heap   total 65536K, used 41992K [0x00000000c1a00000, 0x0000000100000000)
  region size 1024K, 38 young (38912K), 2 survivors (2048K)
 Metaspace       used 18519K, capacity 18691K, committed 18944K, reserved 1067008K
  class space    used 1909K, capacity 1968K, committed 2048K, reserved 1048576K
}
Event: 1.763 GC heap after
{Heap after GC invocations=2 (full 0):
 garbage-first heap   total 65536K, used 8985K [0x00000000c1a00000, 0x0000000100000000)
  region size 1024K, 5 young (5120K), 5 survivors (5120K)
 Metaspace       used 18519K, capacity 18691K, committed 18944K, reserved 1067008K
  class space    used 1909K, capacity 1968K, committed 2048K, reserved 1048576K
}
Event: 2.268 GC heap before
{Heap before GC invocations=2 (full 0):
 garbage-first heap   total 65536K, used 17177K [0x00000000c1a00000, 0x0000000100000000)
  region size 1024K, 14 young (14336K), 5 survivors (5120K)
 Metaspace       used 20900K, capacity 21101K, committed 21248K, reserved 1069056K
  class space    used 2219K, capacity 2286K, committed 2304K, reserved 1048576K
}
Event: 2.289 GC heap after
{Heap after GC invocations=3 (full 0):
 garbage-first heap   total 65536K, used 9752K [0x00000000c1a00000, 0x0000000100000000)
  region size 1024K, 1 young (1024K), 1 survivors (1024K)
 Metaspace       used 20900K, capacity 21101K, committed 21248K, reserved 1069056K
  class space    used 2219K, capacity 2286K, committed 2304K, reserved 1048576K
}
Event: 3.386 GC heap before
{Heap before GC invocations=4 (full 0):
 garbage-first heap   total 65536K, used 37400K [0x00000000c1a00000, 0x0000000100000000)
  region size 1024K, 23 young (23552K), 1 survivors (1024K)
 Metaspace       used 26577K, capacity 26960K, committed 27136K, reserved 1073152K
  class space    used 2838K, capacity 2973K, committed 3072K, reserved 1048576K
}
Event: 3.395 GC heap after
{Heap after GC invocations=5 (full 0):
 garbage-first heap   total 65536K, used 17246K [0x00000000c1a00000, 0x0000000100000000)
  region size 1024K, 2 young (2048K), 2 survivors (2048K)
 Metaspace       used 26577K, capacity 26960K, committed 27136K, reserved 1073152K
  class space    used 2838K, capacity 2973K, committed 3072K, reserved 1048576K
}

