# JRE version: OpenJDK Runtime Environment (11.0.8+10) (build 11.0.8+10-b944.6842174)
# Java VM: OpenJDK 64-Bit Server VM (11.0.8+10-b944.6842174, mixed mode, tiered, compressed oops, g1 gc, windows-amd64)
Heap:
 garbage-first heap   total 379904K, used 192786K [0x0000000080000000, 0x0000000100000000)
  region size 1024K, 3 young (3072K), 3 survivors (3072K)
 Metaspace       used 92591K, capacity 94728K, committed 94924K, reserved 1130496K
  class space    used 12089K, capacity 12896K, committed 13004K, reserved 1048576K
GC Heap History (20 events):
Event: 20.805 GC heap after
{Heap after GC invocations=28 (full 0):
 garbage-first heap   total 165888K, used 72025K [0x0000000080000000, 0x0000000100000000)
  region size 1024K, 8 young (8192K), 8 survivors (8192K)
 Metaspace       used 84162K, capacity 86124K, committed 86348K, reserved 1124352K
  class space    used 10882K, capacity 11554K, committed 11596K, reserved 1048576K
}
Event: 22.656 GC heap before
{Heap before GC invocations=28 (full 0):
 garbage-first heap   total 165888K, used 131417K [0x0000000080000000, 0x0000000100000000)
  region size 1024K, 67 young (68608K), 8 survivors (8192K)
 Metaspace       used 84884K, capacity 86811K, committed 86988K, reserved 1124352K
  class space    used 10973K, capacity 11689K, committed 11724K, reserved 1048576K
}
Event: 22.678 GC heap after
{Heap after GC invocations=29 (full 0):
 garbage-first heap   total 165888K, used 74943K [0x0000000080000000, 0x0000000100000000)
  region size 1024K, 8 young (8192K), 8 survivors (8192K)
 Metaspace       used 84884K, capacity 86811K, committed 86988K, reserved 1124352K
  class space    used 10973K, capacity 11689K, committed 11724K, reserved 1048576K
}
Event: 23.381 GC heap before
{Heap before GC invocations=29 (full 0):
 garbage-first heap   total 165888K, used 98495K [0x0000000080000000, 0x0000000100000000)
  region size 1024K, 26 young (26624K), 8 survivors (8192K)
 Metaspace       used 87235K, capacity 89186K, committed 89420K, reserved 1126400K
  class space    used 11302K, capacity 12012K, committed 12108K, reserved 1048576K
}
Event: 23.403 GC heap after
{Heap after GC invocations=30 (full 0):
 garbage-first heap   total 199680K, used 84123K [0x0000000080000000, 0x0000000100000000)
  region size 1024K, 5 young (5120K), 5 survivors (5120K)
 Metaspace       used 87235K, capacity 89186K, committed 89420K, reserved 1126400K
  class space    used 11302K, capacity 12012K, committed 12108K, reserved 1048576K
}
Event: 24.849 GC heap before
{Heap before GC invocations=31 (full 0):
 garbage-first heap   total 199680K, used 169115K [0x0000000080000000, 0x0000000100000000)
  region size 1024K, 74 young (75776K), 5 survivors (5120K)
 Metaspace       used 89492K, capacity 91495K, committed 91596K, reserved 1128448K
  class space    used 11695K, capacity 12416K, committed 12492K, reserved 1048576K
}
Event: 24.946 GC heap after
{Heap after GC invocations=32 (full 0):
 garbage-first heap   total 205824K, used 122797K [0x0000000080000000, 0x0000000100000000)
  region size 1024K, 10 young (10240K), 10 survivors (10240K)
 Metaspace       used 89492K, capacity 91495K, committed 91596K, reserved 1128448K
  class space    used 11695K, capacity 12416K, committed 12492K, reserved 1048576K
}
Event: 24.991 GC heap before
{Heap before GC invocations=32 (full 0):
 garbage-first heap   total 205824K, used 123821K [0x0000000080000000, 0x0000000100000000)
  region size 1024K, 11 young (11264K), 10 survivors (10240K)
 Metaspace       used 89499K, capacity 91559K, committed 91852K, reserved 1128448K
  class space    used 11695K, capacity 12416K, committed 12492K, reserved 1048576K
}
Event: 25.050 GC heap after
{Heap after GC invocations=33 (full 0):
 garbage-first heap   total 205824K, used 124662K [0x0000000080000000, 0x0000000100000000)
  region size 1024K, 2 young (2048K), 2 survivors (2048K)
 Metaspace       used 89499K, capacity 91559K, committed 91852K, reserved 1128448K
  class space    used 11695K, capacity 12416K, committed 12492K, reserved 1048576K
}
Event: 25.310 GC heap before
{Heap before GC invocations=33 (full 0):
 garbage-first heap   total 205824K, used 148214K [0x0000000080000000, 0x0000000100000000)
  region size 1024K, 26 young (26624K), 2 survivors (2048K)
 Metaspace       used 89512K, capacity 91562K, committed 91852K, reserved 1128448K
  class space    used 11695K, capacity 12416K, committed 12492K, reserved 1048576K
}
Event: 25.363 GC heap after
{Heap after GC invocations=34 (full 0):
 garbage-first heap   total 205824K, used 139264K [0x0000000080000000, 0x0000000100000000)
  region size 1024K, 4 young (4096K), 4 survivors (4096K)
 Metaspace       used 89512K, capacity 91562K, committed 91852K, reserved 1128448K
  class space    used 11695K, capacity 12416K, committed 12492K, reserved 1048576K
}
Event: 26.092 GC heap before
{Heap before GC invocations=35 (full 0):
 garbage-first heap   total 205824K, used 159744K [0x0000000080000000, 0x0000000100000000)
  region size 1024K, 22 young (22528K), 4 survivors (4096K)
 Metaspace       used 91327K, capacity 93413K, committed 93772K, reserved 1130496K
  class space    used 11975K, capacity 12769K, committed 12876K, reserved 1048576K
}
Event: 26.129 GC heap after
{Heap after GC invocations=36 (full 0):
 garbage-first heap   total 293888K, used 147968K [0x0000000080000000, 0x0000000100000000)
  region size 1024K, 3 young (3072K), 3 survivors (3072K)
 Metaspace       used 91327K, capacity 93413K, committed 93772K, reserved 1130496K
  class space    used 11975K, capacity 12769K, committed 12876K, reserved 1048576K
}
Event: 26.893 GC heap before
{Heap before GC invocations=36 (full 0):
 garbage-first heap   total 293888K, used 193024K [0x0000000080000000, 0x0000000100000000)
  region size 1024K, 47 young (48128K), 3 survivors (3072K)
 Metaspace       used 91899K, capacity 94078K, committed 94284K, reserved 1130496K
  class space    used 12036K, capacity 12839K, committed 12876K, reserved 1048576K
}
Event: 26.960 GC heap after
{Heap after GC invocations=37 (full 0):
 garbage-first heap   total 293888K, used 160518K [0x0000000080000000, 0x0000000100000000)
  region size 1024K, 6 young (6144K), 6 survivors (6144K)
 Metaspace       used 91899K, capacity 94078K, committed 94284K, reserved 1130496K
  class space    used 12036K, capacity 12839K, committed 12876K, reserved 1048576K
}
Event: 28.124 GC heap before
{Heap before GC invocations=38 (full 0):
 garbage-first heap   total 293888K, used 204550K [0x0000000080000000, 0x0000000100000000)
  region size 1024K, 46 young (47104K), 6 survivors (6144K)
 Metaspace       used 92282K, capacity 94397K, committed 94540K, reserved 1130496K
  class space    used 12067K, capacity 12853K, committed 12876K, reserved 1048576K
}
Event: 28.170 GC heap after
{Heap after GC invocations=39 (full 0):
 garbage-first heap   total 293888K, used 172677K [0x0000000080000000, 0x0000000100000000)
  region size 1024K, 7 young (7168K), 7 survivors (7168K)
 Metaspace       used 92282K, capacity 94397K, committed 94540K, reserved 1130496K
  class space    used 12067K, capacity 12853K, committed 12876K, reserved 1048576K
}
Event: 28.525 GC heap before
{Heap before GC invocations=39 (full 0):
 garbage-first heap   total 293888K, used 221829K [0x0000000080000000, 0x0000000100000000)
  region size 1024K, 48 young (49152K), 7 survivors (7168K)
 Metaspace       used 92423K, capacity 94587K, committed 94924K, reserved 1130496K
  class space    used 12084K, capacity 12892K, committed 13004K, reserved 1048576K
}
Event: 28.557 GC heap after
{Heap after GC invocations=40 (full 0):
 garbage-first heap   total 293888K, used 185166K [0x0000000080000000, 0x0000000100000000)
  region size 1024K, 6 young (6144K), 6 survivors (6144K)
 Metaspace       used 92423K, capacity 94587K, committed 94924K, reserved 1130496K
  class space    used 12084K, capacity 12892K, committed 13004K, reserved 1048576K
}
Event: 29.081 GC heap before
{Heap before GC invocations=40 (full 0):
 garbage-first heap   total 293888K, used 229198K [0x0000000080000000, 0x0000000100000000)
  region size 1024K, 45 young (46080K), 6 survivors (6144K)
 Metaspace       used 92591K, capacity 94728K, committed 94924K, reserved 1130496K
  class space    used 12089K, capacity 12896K, committed 13004K, reserved 1048576K
}

