# JRE version: OpenJDK Runtime Environment (11.0.8+10) (build 11.0.8+10-b944.6842174)
# Java VM: OpenJDK 64-Bit Server VM (11.0.8+10-b944.6842174, mixed mode, tiered, compressed oops, g1 gc, windows-amd64)
Heap:
 garbage-first heap   total 134144K, used 47487K [0x00000000c1a00000, 0x0000000100000000)
  region size 1024K, 2 young (2048K), 2 survivors (2048K)
 Metaspace       used 59948K, capacity 60491K, committed 60544K, reserved 1103872K
  class space    used 6800K, capacity 7023K, committed 7040K, reserved 1048576K
GC Heap History (20 events):
Event: 2.664 GC heap after
{Heap after GC invocations=3 (full 0):
 garbage-first heap   total 65536K, used 9588K [0x00000000c1a00000, 0x0000000100000000)
  region size 1024K, 1 young (1024K), 1 survivors (1024K)
 Metaspace       used 20920K, capacity 21101K, committed 21248K, reserved 1069056K
  class space    used 2219K, capacity 2286K, committed 2304K, reserved 1048576K
}
Event: 3.572 GC heap before
{Heap before GC invocations=4 (full 0):
 garbage-first heap   total 65536K, used 37236K [0x00000000c1a00000, 0x0000000100000000)
  region size 1024K, 23 young (23552K), 1 survivors (1024K)
 Metaspace       used 26630K, capacity 27024K, committed 27136K, reserved 1073152K
  class space    used 2845K, capacity 2973K, committed 3072K, reserved 1048576K
}
Event: 3.580 GC heap after
{Heap after GC invocations=5 (full 0):
 garbage-first heap   total 65536K, used 17063K [0x00000000c1a00000, 0x0000000100000000)
  region size 1024K, 2 young (2048K), 2 survivors (2048K)
 Metaspace       used 26630K, capacity 27024K, committed 27136K, reserved 1073152K
  class space    used 2845K, capacity 2973K, committed 3072K, reserved 1048576K
}
Event: 4.200 GC heap before
{Heap before GC invocations=5 (full 0):
 garbage-first heap   total 65536K, used 40615K [0x00000000c1a00000, 0x0000000100000000)
  region size 1024K, 24 young (24576K), 2 survivors (2048K)
 Metaspace       used 30447K, capacity 30891K, committed 30976K, reserved 1077248K
  class space    used 3608K, capacity 3793K, committed 3840K, reserved 1048576K
}
Event: 4.224 GC heap after
{Heap after GC invocations=6 (full 0):
 garbage-first heap   total 78848K, used 23107K [0x00000000c1a00000, 0x0000000100000000)
  region size 1024K, 3 young (3072K), 3 survivors (3072K)
 Metaspace       used 30447K, capacity 30891K, committed 30976K, reserved 1077248K
  class space    used 3608K, capacity 3793K, committed 3840K, reserved 1048576K
}
Event: 4.788 GC heap before
{Heap before GC invocations=6 (full 0):
 garbage-first heap   total 78848K, used 44611K [0x00000000c1a00000, 0x0000000100000000)
  region size 1024K, 25 young (25600K), 3 survivors (3072K)
 Metaspace       used 35149K, capacity 35536K, committed 35584K, reserved 1081344K
  class space    used 4147K, capacity 4316K, committed 4352K, reserved 1048576K
}
Event: 4.804 GC heap after
{Heap after GC invocations=7 (full 0):
 garbage-first heap   total 78848K, used 25749K [0x00000000c1a00000, 0x0000000100000000)
  region size 1024K, 3 young (3072K), 3 survivors (3072K)
 Metaspace       used 35149K, capacity 35536K, committed 35584K, reserved 1081344K
  class space    used 4147K, capacity 4316K, committed 4352K, reserved 1048576K
}
Event: 5.401 GC heap before
{Heap before GC invocations=8 (full 0):
 garbage-first heap   total 78848K, used 49301K [0x00000000c1a00000, 0x0000000100000000)
  region size 1024K, 27 young (27648K), 3 survivors (3072K)
 Metaspace       used 39769K, capacity 40221K, committed 40320K, reserved 1085440K
  class space    used 4731K, capacity 4895K, committed 4992K, reserved 1048576K
}
Event: 5.416 GC heap after
{Heap after GC invocations=9 (full 0):
 garbage-first heap   total 78848K, used 27383K [0x00000000c1a00000, 0x0000000100000000)
  region size 1024K, 4 young (4096K), 4 survivors (4096K)
 Metaspace       used 39769K, capacity 40221K, committed 40320K, reserved 1085440K
  class space    used 4731K, capacity 4895K, committed 4992K, reserved 1048576K
}
Event: 6.181 GC heap before
{Heap before GC invocations=10 (full 0):
 garbage-first heap   total 78848K, used 51959K [0x00000000c1a00000, 0x0000000100000000)
  region size 1024K, 29 young (29696K), 4 survivors (4096K)
 Metaspace       used 44673K, capacity 45195K, committed 45568K, reserved 1089536K
  class space    used 5323K, capacity 5509K, committed 5632K, reserved 1048576K
}
Event: 6.209 GC heap after
{Heap after GC invocations=11 (full 0):
 garbage-first heap   total 78848K, used 30472K [0x00000000c1a00000, 0x0000000100000000)
  region size 1024K, 4 young (4096K), 4 survivors (4096K)
 Metaspace       used 44673K, capacity 45195K, committed 45568K, reserved 1089536K
  class space    used 5323K, capacity 5509K, committed 5632K, reserved 1048576K
}
Event: 6.428 GC heap before
{Heap before GC invocations=11 (full 0):
 garbage-first heap   total 78848K, used 55048K [0x00000000c1a00000, 0x0000000100000000)
  region size 1024K, 28 young (28672K), 4 survivors (4096K)
 Metaspace       used 45137K, capacity 45585K, committed 45824K, reserved 1089536K
  class space    used 5340K, capacity 5509K, committed 5632K, reserved 1048576K
}
Event: 6.448 GC heap after
{Heap after GC invocations=12 (full 0):
 garbage-first heap   total 98304K, used 32037K [0x00000000c1a00000, 0x0000000100000000)
  region size 1024K, 2 young (2048K), 2 survivors (2048K)
 Metaspace       used 45137K, capacity 45585K, committed 45824K, reserved 1089536K
  class space    used 5340K, capacity 5509K, committed 5632K, reserved 1048576K
}
Event: 7.450 GC heap before
{Heap before GC invocations=12 (full 0):
 garbage-first heap   total 98304K, used 62757K [0x00000000c1a00000, 0x0000000100000000)
  region size 1024K, 32 young (32768K), 2 survivors (2048K)
 Metaspace       used 48236K, capacity 48717K, committed 49024K, reserved 1093632K
  class space    used 5572K, capacity 5741K, committed 5760K, reserved 1048576K
}
Event: 7.474 GC heap after
{Heap after GC invocations=13 (full 0):
 garbage-first heap   total 98304K, used 37228K [0x00000000c1a00000, 0x0000000100000000)
  region size 1024K, 4 young (4096K), 4 survivors (4096K)
 Metaspace       used 48236K, capacity 48717K, committed 49024K, reserved 1093632K
  class space    used 5572K, capacity 5741K, committed 5760K, reserved 1048576K
}
Event: 8.138 GC heap before
{Heap before GC invocations=13 (full 0):
 garbage-first heap   total 98304K, used 66924K [0x00000000c1a00000, 0x0000000100000000)
  region size 1024K, 33 young (33792K), 4 survivors (4096K)
 Metaspace       used 51027K, capacity 51557K, committed 51968K, reserved 1095680K
  class space    used 5861K, capacity 6047K, committed 6144K, reserved 1048576K
}
Event: 8.178 GC heap after
{Heap after GC invocations=14 (full 0):
 garbage-first heap   total 98304K, used 41473K [0x00000000c1a00000, 0x0000000100000000)
  region size 1024K, 4 young (4096K), 4 survivors (4096K)
 Metaspace       used 51027K, capacity 51557K, committed 51968K, reserved 1095680K
  class space    used 5861K, capacity 6047K, committed 6144K, reserved 1048576K
}
Event: 9.024 GC heap before
{Heap before GC invocations=14 (full 0):
 garbage-first heap   total 98304K, used 70145K [0x00000000c1a00000, 0x0000000100000000)
  region size 1024K, 32 young (32768K), 4 survivors (4096K)
 Metaspace       used 53732K, capacity 54312K, committed 54528K, reserved 1097728K
  class space    used 6110K, capacity 6323K, committed 6400K, reserved 1048576K
}
Event: 9.060 GC heap after
{Heap after GC invocations=15 (full 0):
 garbage-first heap   total 98304K, used 45426K [0x00000000c1a00000, 0x0000000100000000)
  region size 1024K, 4 young (4096K), 4 survivors (4096K)
 Metaspace       used 53732K, capacity 54312K, committed 54528K, reserved 1097728K
  class space    used 6110K, capacity 6323K, committed 6400K, reserved 1048576K
}
Event: 9.889 GC heap before
{Heap before GC invocations=15 (full 0):
 garbage-first heap   total 98304K, used 73074K [0x00000000c1a00000, 0x0000000100000000)
  region size 1024K, 31 young (31744K), 4 survivors (4096K)
 Metaspace       used 59948K, capacity 60491K, committed 60544K, reserved 1103872K
  class space    used 6800K, capacity 7023K, committed 7040K, reserved 1048576K
}

