# JRE version: OpenJDK Runtime Environment (11.0.8+10) (build 11.0.8+10-b944.6842174)
# Java VM: OpenJDK 64-Bit Server VM (11.0.8+10-b944.6842174, mixed mode, tiered, compressed oops, g1 gc, windows-amd64)
Heap:
 garbage-first heap   total 314368K, used 169984K [0x0000000080000000, 0x0000000100000000)
  region size 1024K, 30 young (30720K), 3 survivors (3072K)
 Metaspace       used 91927K, capacity 94121K, committed 94284K, reserved 1130496K
  class space    used 12033K, capacity 12832K, committed 12876K, reserved 1048576K
GC Heap History (20 events):
Event: 20.487 GC heap before
{Heap before GC invocations=23 (full 0):
 garbage-first heap   total 138240K, used 109181K [0x0000000080000000, 0x0000000100000000)
  region size 1024K, 55 young (56320K), 7 survivors (7168K)
 Metaspace       used 78237K, capacity 80152K, committed 80204K, reserved 1118208K
  class space    used 10181K, capacity 10813K, committed 10828K, reserved 1048576K
}
Event: 20.511 GC heap after
{Heap after GC invocations=24 (full 0):
 garbage-first heap   total 138240K, used 64400K [0x0000000080000000, 0x0000000100000000)
  region size 1024K, 7 young (7168K), 7 survivors (7168K)
 Metaspace       used 78237K, capacity 80152K, committed 80204K, reserved 1118208K
  class space    used 10181K, capacity 10813K, committed 10828K, reserved 1048576K
}
Event: 21.663 GC heap before
{Heap before GC invocations=24 (full 0):
 garbage-first heap   total 138240K, used 111504K [0x0000000080000000, 0x0000000100000000)
  region size 1024K, 54 young (55296K), 7 survivors (7168K)
 Metaspace       used 79036K, capacity 80896K, committed 81100K, reserved 1120256K
  class space    used 10238K, capacity 10864K, committed 10956K, reserved 1048576K
}
Event: 21.685 GC heap after
{Heap after GC invocations=25 (full 0):
 garbage-first heap   total 165888K, used 67885K [0x0000000080000000, 0x0000000100000000)
  region size 1024K, 7 young (7168K), 7 survivors (7168K)
 Metaspace       used 79036K, capacity 80896K, committed 81100K, reserved 1120256K
  class space    used 10238K, capacity 10864K, committed 10956K, reserved 1048576K
}
Event: 22.754 GC heap before
{Heap before GC invocations=25 (full 0):
 garbage-first heap   total 165888K, used 127277K [0x0000000080000000, 0x0000000100000000)
  region size 1024K, 66 young (67584K), 7 survivors (7168K)
 Metaspace       used 83851K, capacity 85722K, committed 85836K, reserved 1124352K
  class space    used 10838K, capacity 11508K, committed 11596K, reserved 1048576K
}
Event: 22.775 GC heap after
{Heap after GC invocations=26 (full 0):
 garbage-first heap   total 165888K, used 71628K [0x0000000080000000, 0x0000000100000000)
  region size 1024K, 7 young (7168K), 7 survivors (7168K)
 Metaspace       used 83851K, capacity 85722K, committed 85836K, reserved 1124352K
  class space    used 10838K, capacity 11508K, committed 11596K, reserved 1048576K
}
Event: 24.226 GC heap before
{Heap before GC invocations=26 (full 0):
 garbage-first heap   total 165888K, used 132044K [0x0000000080000000, 0x0000000100000000)
  region size 1024K, 67 young (68608K), 7 survivors (7168K)
 Metaspace       used 84782K, capacity 86779K, committed 86988K, reserved 1124352K
  class space    used 10957K, capacity 11659K, committed 11724K, reserved 1048576K
}
Event: 24.248 GC heap after
{Heap after GC invocations=27 (full 0):
 garbage-first heap   total 165888K, used 74902K [0x0000000080000000, 0x0000000100000000)
  region size 1024K, 7 young (7168K), 7 survivors (7168K)
 Metaspace       used 84782K, capacity 86779K, committed 86988K, reserved 1124352K
  class space    used 10957K, capacity 11659K, committed 11724K, reserved 1048576K
}
Event: 24.583 GC heap before
{Heap before GC invocations=27 (full 0):
 garbage-first heap   total 165888K, used 85142K [0x0000000080000000, 0x0000000100000000)
  region size 1024K, 19 young (19456K), 7 survivors (7168K)
 Metaspace       used 85189K, capacity 87167K, committed 87244K, reserved 1124352K
  class space    used 11003K, capacity 11699K, committed 11724K, reserved 1048576K
}
Event: 24.601 GC heap after
{Heap after GC invocations=28 (full 0):
 garbage-first heap   total 165888K, used 75637K [0x0000000080000000, 0x0000000100000000)
  region size 1024K, 4 young (4096K), 4 survivors (4096K)
 Metaspace       used 85189K, capacity 87167K, committed 87244K, reserved 1124352K
  class space    used 11003K, capacity 11699K, committed 11724K, reserved 1048576K
}
Event: 25.224 GC heap before
{Heap before GC invocations=29 (full 0):
 garbage-first heap   total 165888K, used 119669K [0x0000000080000000, 0x0000000100000000)
  region size 1024K, 28 young (28672K), 4 survivors (4096K)
 Metaspace       used 87483K, capacity 89475K, committed 89676K, reserved 1126400K
  class space    used 11338K, capacity 12024K, committed 12108K, reserved 1048576K
}
Event: 25.253 GC heap after
{Heap after GC invocations=30 (full 0):
 garbage-first heap   total 199680K, used 97611K [0x0000000080000000, 0x0000000100000000)
  region size 1024K, 7 young (7168K), 7 survivors (7168K)
 Metaspace       used 87483K, capacity 89475K, committed 89676K, reserved 1126400K
  class space    used 11338K, capacity 12024K, committed 12108K, reserved 1048576K
}
Event: 26.488 GC heap before
{Heap before GC invocations=31 (full 0):
 garbage-first heap   total 199680K, used 151883K [0x0000000080000000, 0x0000000100000000)
  region size 1024K, 60 young (61440K), 7 survivors (7168K)
 Metaspace       used 89472K, capacity 91479K, committed 91596K, reserved 1128448K
  class space    used 11692K, capacity 12411K, committed 12492K, reserved 1048576K
}
Event: 26.598 GC heap after
{Heap after GC invocations=32 (full 0):
 garbage-first heap   total 199680K, used 122312K [0x0000000080000000, 0x0000000100000000)
  region size 1024K, 8 young (8192K), 8 survivors (8192K)
 Metaspace       used 89472K, capacity 91479K, committed 91596K, reserved 1128448K
  class space    used 11692K, capacity 12411K, committed 12492K, reserved 1048576K
}
Event: 26.938 GC heap before
{Heap before GC invocations=32 (full 0):
 garbage-first heap   total 199680K, used 147912K [0x0000000080000000, 0x0000000100000000)
  region size 1024K, 35 young (35840K), 8 survivors (8192K)
 Metaspace       used 89501K, capacity 91482K, committed 91596K, reserved 1128448K
  class space    used 11692K, capacity 12411K, committed 12492K, reserved 1048576K
}
Event: 27.022 GC heap after
{Heap after GC invocations=33 (full 0):
 garbage-first heap   total 199680K, used 139264K [0x0000000080000000, 0x0000000100000000)
  region size 1024K, 5 young (5120K), 5 survivors (5120K)
 Metaspace       used 89501K, capacity 91482K, committed 91596K, reserved 1128448K
  class space    used 11692K, capacity 12411K, committed 12492K, reserved 1048576K
}
Event: 28.151 GC heap before
{Heap before GC invocations=34 (full 0):
 garbage-first heap   total 199680K, used 160768K [0x0000000080000000, 0x0000000100000000)
  region size 1024K, 24 young (24576K), 5 survivors (5120K)
 Metaspace       used 91367K, capacity 93470K, committed 93772K, reserved 1130496K
  class space    used 11975K, capacity 12768K, committed 12876K, reserved 1048576K
}
Event: 28.195 GC heap after
{Heap after GC invocations=35 (full 0):
 garbage-first heap   total 199680K, used 148480K [0x0000000080000000, 0x0000000100000000)
  region size 1024K, 3 young (3072K), 3 survivors (3072K)
 Metaspace       used 91367K, capacity 93470K, committed 93772K, reserved 1130496K
  class space    used 11975K, capacity 12768K, committed 12876K, reserved 1048576K
}
Event: 28.622 GC heap before
{Heap before GC invocations=35 (full 0):
 garbage-first heap   total 199680K, used 163840K [0x0000000080000000, 0x0000000100000000)
  region size 1024K, 18 young (18432K), 3 survivors (3072K)
 Metaspace       used 91902K, capacity 94066K, committed 94284K, reserved 1130496K
  class space    used 12035K, capacity 12837K, committed 12876K, reserved 1048576K
}
Event: 28.660 GC heap after
{Heap after GC invocations=36 (full 0):
 garbage-first heap   total 314368K, used 153600K [0x0000000080000000, 0x0000000100000000)
  region size 1024K, 3 young (3072K), 3 survivors (3072K)
 Metaspace       used 91902K, capacity 94066K, committed 94284K, reserved 1130496K
  class space    used 12035K, capacity 12837K, committed 12876K, reserved 1048576K
}

