# JRE version: OpenJDK Runtime Environment (11.0.8+10) (build 11.0.8+10-b944.6842174)
# Java VM: OpenJDK 64-Bit Server VM (11.0.8+10-b944.6842174, mixed mode, tiered, compressed oops, g1 gc, windows-amd64)
Heap:
 garbage-first heap   total 345088K, used 169984K [0x0000000080000000, 0x0000000100000000)
  region size 1024K, 16 young (16384K), 3 survivors (3072K)
 Metaspace       used 92166K, capacity 94335K, committed 94540K, reserved 1130496K
  class space    used 12049K, capacity 12831K, committed 12876K, reserved 1048576K
GC Heap History (20 events):
Event: 21.631 GC heap before
{Heap before GC invocations=24 (full 0):
 garbage-first heap   total 138240K, used 104656K [0x0000000080000000, 0x0000000100000000)
  region size 1024K, 49 young (50176K), 6 survivors (6144K)
 Metaspace       used 78270K, capacity 80169K, committed 80204K, reserved 1118208K
  class space    used 10187K, capacity 10819K, committed 10828K, reserved 1048576K
}
Event: 21.650 GC heap after
{Heap after GC invocations=25 (full 0):
 garbage-first heap   total 138240K, used 64562K [0x0000000080000000, 0x0000000100000000)
  region size 1024K, 3 young (3072K), 3 survivors (3072K)
 Metaspace       used 78270K, capacity 80169K, committed 80204K, reserved 1118208K
  class space    used 10187K, capacity 10819K, committed 10828K, reserved 1048576K
}
Event: 23.095 GC heap before
{Heap before GC invocations=25 (full 0):
 garbage-first heap   total 138240K, used 107570K [0x0000000080000000, 0x0000000100000000)
  region size 1024K, 46 young (47104K), 3 survivors (3072K)
 Metaspace       used 79183K, capacity 81099K, committed 81356K, reserved 1120256K
  class space    used 10260K, capacity 10932K, committed 10956K, reserved 1048576K
}
Event: 23.112 GC heap after
{Heap after GC invocations=26 (full 0):
 garbage-first heap   total 165888K, used 67281K [0x0000000080000000, 0x0000000100000000)
  region size 1024K, 6 young (6144K), 6 survivors (6144K)
 Metaspace       used 79183K, capacity 81099K, committed 81356K, reserved 1120256K
  class space    used 10260K, capacity 10932K, committed 10956K, reserved 1048576K
}
Event: 24.236 GC heap before
{Heap before GC invocations=27 (full 0):
 garbage-first heap   total 165888K, used 124625K [0x0000000080000000, 0x0000000100000000)
  region size 1024K, 63 young (64512K), 6 survivors (6144K)
 Metaspace       used 83756K, capacity 85665K, committed 85836K, reserved 1124352K
  class space    used 10826K, capacity 11508K, committed 11596K, reserved 1048576K
}
Event: 24.256 GC heap after
{Heap after GC invocations=28 (full 0):
 garbage-first heap   total 165888K, used 70793K [0x0000000080000000, 0x0000000100000000)
  region size 1024K, 7 young (7168K), 7 survivors (7168K)
 Metaspace       used 83756K, capacity 85665K, committed 85836K, reserved 1124352K
  class space    used 10826K, capacity 11508K, committed 11596K, reserved 1048576K
}
Event: 26.201 GC heap before
{Heap before GC invocations=28 (full 0):
 garbage-first heap   total 165888K, used 129161K [0x0000000080000000, 0x0000000100000000)
  region size 1024K, 65 young (66560K), 7 survivors (7168K)
 Metaspace       used 84584K, capacity 86524K, committed 86604K, reserved 1124352K
  class space    used 10923K, capacity 11572K, committed 11596K, reserved 1048576K
}
Event: 26.230 GC heap after
{Heap after GC invocations=29 (full 0):
 garbage-first heap   total 165888K, used 73892K [0x0000000080000000, 0x0000000100000000)
  region size 1024K, 7 young (7168K), 7 survivors (7168K)
 Metaspace       used 84584K, capacity 86524K, committed 86604K, reserved 1124352K
  class space    used 10923K, capacity 11572K, committed 11596K, reserved 1048576K
}
Event: 27.216 GC heap before
{Heap before GC invocations=29 (full 0):
 garbage-first heap   total 165888K, used 103588K [0x0000000080000000, 0x0000000100000000)
  region size 1024K, 31 young (31744K), 7 survivors (7168K)
 Metaspace       used 87231K, capacity 89261K, committed 89420K, reserved 1126400K
  class space    used 11306K, capacity 12016K, committed 12108K, reserved 1048576K
}
Event: 27.235 GC heap after
{Heap after GC invocations=30 (full 0):
 garbage-first heap   total 165888K, used 82581K [0x0000000080000000, 0x0000000100000000)
  region size 1024K, 5 young (5120K), 5 survivors (5120K)
 Metaspace       used 87231K, capacity 89261K, committed 89420K, reserved 1126400K
  class space    used 11306K, capacity 12016K, committed 12108K, reserved 1048576K
}
Event: 28.151 GC heap before
{Heap before GC invocations=31 (full 0):
 garbage-first heap   total 165888K, used 147093K [0x0000000080000000, 0x0000000100000000)
  region size 1024K, 54 young (55296K), 5 survivors (5120K)
 Metaspace       used 89461K, capacity 91501K, committed 91596K, reserved 1128448K
  class space    used 11698K, capacity 12419K, committed 12492K, reserved 1048576K
}
Event: 28.216 GC heap after
{Heap after GC invocations=32 (full 0):
 garbage-first heap   total 207872K, used 110180K [0x0000000080000000, 0x0000000100000000)
  region size 1024K, 7 young (7168K), 7 survivors (7168K)
 Metaspace       used 89461K, capacity 91501K, committed 91596K, reserved 1128448K
  class space    used 11698K, capacity 12419K, committed 12492K, reserved 1048576K
}
Event: 28.816 GC heap before
{Heap before GC invocations=32 (full 0):
 garbage-first heap   total 207872K, used 155236K [0x0000000080000000, 0x0000000100000000)
  region size 1024K, 53 young (54272K), 7 survivors (7168K)
 Metaspace       used 89569K, capacity 91572K, committed 91852K, reserved 1128448K
  class space    used 11700K, capacity 12420K, committed 12492K, reserved 1048576K
}
Event: 28.926 GC heap after
{Heap after GC invocations=33 (full 0):
 garbage-first heap   total 207872K, used 137728K [0x0000000080000000, 0x0000000100000000)
  region size 1024K, 7 young (7168K), 7 survivors (7168K)
 Metaspace       used 89569K, capacity 91572K, committed 91852K, reserved 1128448K
  class space    used 11700K, capacity 12420K, committed 12492K, reserved 1048576K
}
Event: 30.345 GC heap before
{Heap before GC invocations=34 (full 0):
 garbage-first heap   total 207872K, used 164352K [0x0000000080000000, 0x0000000100000000)
  region size 1024K, 32 young (32768K), 7 survivors (7168K)
 Metaspace       used 91415K, capacity 93544K, committed 93772K, reserved 1130496K
  class space    used 11981K, capacity 12770K, committed 12876K, reserved 1048576K
}
Event: 30.391 GC heap after
{Heap after GC invocations=35 (full 0):
 garbage-first heap   total 207872K, used 147968K [0x0000000080000000, 0x0000000100000000)
  region size 1024K, 4 young (4096K), 4 survivors (4096K)
 Metaspace       used 91415K, capacity 93544K, committed 93772K, reserved 1130496K
  class space    used 11981K, capacity 12770K, committed 12876K, reserved 1048576K
}
Event: 30.880 GC heap before
{Heap before GC invocations=35 (full 0):
 garbage-first heap   total 207872K, used 167424K [0x0000000080000000, 0x0000000100000000)
  region size 1024K, 24 young (24576K), 4 survivors (4096K)
 Metaspace       used 91934K, capacity 94122K, committed 94284K, reserved 1130496K
  class space    used 12034K, capacity 12831K, committed 12876K, reserved 1048576K
}
Event: 30.983 GC heap after
{Heap after GC invocations=36 (full 0):
 garbage-first heap   total 207872K, used 154624K [0x0000000080000000, 0x0000000100000000)
  region size 1024K, 3 young (3072K), 3 survivors (3072K)
 Metaspace       used 91934K, capacity 94122K, committed 94284K, reserved 1130496K
  class space    used 12034K, capacity 12831K, committed 12876K, reserved 1048576K
}
Event: 31.576 GC heap before
{Heap before GC invocations=36 (full 0):
 garbage-first heap   total 207872K, used 173056K [0x0000000080000000, 0x0000000100000000)
  region size 1024K, 20 young (20480K), 3 survivors (3072K)
 Metaspace       used 91943K, capacity 94122K, committed 94284K, reserved 1130496K
  class space    used 12034K, capacity 12831K, committed 12876K, reserved 1048576K
}
Event: 31.621 GC heap after
{Heap after GC invocations=37 (full 0):
 garbage-first heap   total 345088K, used 160768K [0x0000000080000000, 0x0000000100000000)
  region size 1024K, 3 young (3072K), 3 survivors (3072K)
 Metaspace       used 91943K, capacity 94122K, committed 94284K, reserved 1130496K
  class space    used 12034K, capacity 12831K, committed 12876K, reserved 1048576K
}

