# JRE version: OpenJDK Runtime Environment (11.0.8+10) (build 11.0.8+10-b944.6842174)
# Java VM: OpenJDK 64-Bit Server VM (11.0.8+10-b944.6842174, mixed mode, tiered, compressed oops, g1 gc, windows-amd64)
Heap:
 garbage-first heap   total 624640K, used 206452K [0x0000000080000000, 0x0000000100000000)
  region size 1024K, 1 young (1024K), 1 survivors (1024K)
 Metaspace       used 103651K, capacity 106478K, committed 106572K, reserved 1140736K
  class space    used 13345K, capacity 14386K, committed 14412K, reserved 1048576K
GC Heap History (20 events):
Event: 927.509 GC heap after
{Heap after GC invocations=41 (full 0):
 garbage-first heap   total 182272K, used 151972K [0x0000000080000000, 0x0000000100000000)
  region size 1024K, 2 young (2048K), 2 survivors (2048K)
 Metaspace       used 102959K, capacity 105849K, committed 106060K, reserved 1140736K
  class space    used 13338K, capacity 14384K, committed 14412K, reserved 1048576K
}
Event: 927.589 GC heap before
{Heap before GC invocations=41 (full 0):
 garbage-first heap   total 182272K, used 160164K [0x0000000080000000, 0x0000000100000000)
  region size 1024K, 8 young (8192K), 2 survivors (2048K)
 Metaspace       used 102959K, capacity 105849K, committed 106060K, reserved 1140736K
  class space    used 13338K, capacity 14384K, committed 14412K, reserved 1048576K
}
Event: 927.604 GC heap after
{Heap after GC invocations=42 (full 0):
 garbage-first heap   total 182272K, used 157956K [0x0000000080000000, 0x0000000100000000)
  region size 1024K, 1 young (1024K), 1 survivors (1024K)
 Metaspace       used 102959K, capacity 105849K, committed 106060K, reserved 1140736K
  class space    used 13338K, capacity 14384K, committed 14412K, reserved 1048576K
}
Event: 927.755 GC heap before
{Heap before GC invocations=42 (full 0):
 garbage-first heap   total 182272K, used 164100K [0x0000000080000000, 0x0000000100000000)
  region size 1024K, 8 young (8192K), 1 survivors (1024K)
 Metaspace       used 103088K, capacity 105939K, committed 106060K, reserved 1140736K
  class space    used 13344K, capacity 14387K, committed 14412K, reserved 1048576K
}
Event: 927.770 GC heap after
{Heap after GC invocations=43 (full 0):
 garbage-first heap   total 182272K, used 161219K [0x0000000080000000, 0x0000000100000000)
  region size 1024K, 1 young (1024K), 1 survivors (1024K)
 Metaspace       used 103088K, capacity 105939K, committed 106060K, reserved 1140736K
  class space    used 13344K, capacity 14387K, committed 14412K, reserved 1048576K
}
Event: 927.870 GC heap before
{Heap before GC invocations=43 (full 0):
 garbage-first heap   total 182272K, used 168387K [0x0000000080000000, 0x0000000100000000)
  region size 1024K, 8 young (8192K), 1 survivors (1024K)
 Metaspace       used 103077K, capacity 105913K, committed 106060K, reserved 1140736K
  class space    used 13337K, capacity 14375K, committed 14412K, reserved 1048576K
}
Event: 927.895 GC heap after
{Heap after GC invocations=44 (full 0):
 garbage-first heap   total 182272K, used 163455K [0x0000000080000000, 0x0000000100000000)
  region size 1024K, 1 young (1024K), 1 survivors (1024K)
 Metaspace       used 103077K, capacity 105913K, committed 106060K, reserved 1140736K
  class space    used 13337K, capacity 14375K, committed 14412K, reserved 1048576K
}
Event: 928.076 GC heap before
{Heap before GC invocations=44 (full 0):
 garbage-first heap   total 182272K, used 169599K [0x0000000080000000, 0x0000000100000000)
  region size 1024K, 8 young (8192K), 1 survivors (1024K)
 Metaspace       used 103123K, capacity 105926K, committed 106060K, reserved 1140736K
  class space    used 13340K, capacity 14378K, committed 14412K, reserved 1048576K
}
Event: 928.096 GC heap after
{Heap after GC invocations=45 (full 0):
 garbage-first heap   total 182272K, used 165298K [0x0000000080000000, 0x0000000100000000)
  region size 1024K, 1 young (1024K), 1 survivors (1024K)
 Metaspace       used 103123K, capacity 105926K, committed 106060K, reserved 1140736K
  class space    used 13340K, capacity 14378K, committed 14412K, reserved 1048576K
}
Event: 928.217 GC heap before
{Heap before GC invocations=45 (full 0):
 garbage-first heap   total 182272K, used 171442K [0x0000000080000000, 0x0000000100000000)
  region size 1024K, 8 young (8192K), 1 survivors (1024K)
 Metaspace       used 103216K, capacity 106060K, committed 106316K, reserved 1140736K
  class space    used 13340K, capacity 14378K, committed 14412K, reserved 1048576K
}
Event: 928.239 GC heap after
{Heap after GC invocations=46 (full 0):
 garbage-first heap   total 182272K, used 167856K [0x0000000080000000, 0x0000000100000000)
  region size 1024K, 1 young (1024K), 1 survivors (1024K)
 Metaspace       used 103216K, capacity 106060K, committed 106316K, reserved 1140736K
  class space    used 13340K, capacity 14378K, committed 14412K, reserved 1048576K
}
Event: 928.315 GC heap before
{Heap before GC invocations=47 (full 0):
 garbage-first heap   total 182272K, used 174000K [0x0000000080000000, 0x0000000100000000)
  region size 1024K, 8 young (8192K), 1 survivors (1024K)
 Metaspace       used 103224K, capacity 106060K, committed 106316K, reserved 1140736K
  class space    used 13340K, capacity 14378K, committed 14412K, reserved 1048576K
}
Event: 928.337 GC heap after
{Heap after GC invocations=48 (full 0):
 garbage-first heap   total 312320K, used 170194K [0x0000000080000000, 0x0000000100000000)
  region size 1024K, 1 young (1024K), 1 survivors (1024K)
 Metaspace       used 103224K, capacity 106060K, committed 106316K, reserved 1140736K
  class space    used 13340K, capacity 14378K, committed 14412K, reserved 1048576K
}
Event: 928.503 GC heap before
{Heap before GC invocations=48 (full 0):
 garbage-first heap   total 312320K, used 184530K [0x0000000080000000, 0x0000000100000000)
  region size 1024K, 15 young (15360K), 1 survivors (1024K)
 Metaspace       used 103231K, capacity 106060K, committed 106316K, reserved 1140736K
  class space    used 13340K, capacity 14378K, committed 14412K, reserved 1048576K
}
Event: 928.528 GC heap after
{Heap after GC invocations=49 (full 0):
 garbage-first heap   total 312320K, used 174075K [0x0000000080000000, 0x0000000100000000)
  region size 1024K, 2 young (2048K), 2 survivors (2048K)
 Metaspace       used 103231K, capacity 106060K, committed 106316K, reserved 1140736K
  class space    used 13340K, capacity 14378K, committed 14412K, reserved 1048576K
}
Event: 929.578 GC heap before
{Heap before GC invocations=49 (full 0):
 garbage-first heap   total 312320K, used 243707K [0x0000000080000000, 0x0000000100000000)
  region size 1024K, 54 young (55296K), 2 survivors (2048K)
 Metaspace       used 103385K, capacity 106229K, committed 106316K, reserved 1140736K
  class space    used 13344K, capacity 14385K, committed 14412K, reserved 1048576K
}
Event: 929.604 GC heap after
{Heap after GC invocations=50 (full 0):
 garbage-first heap   total 312320K, used 199424K [0x0000000080000000, 0x0000000100000000)
  region size 1024K, 8 young (8192K), 8 survivors (8192K)
 Metaspace       used 103385K, capacity 106229K, committed 106316K, reserved 1140736K
  class space    used 13344K, capacity 14385K, committed 14412K, reserved 1048576K
}
Event: 930.037 GC heap before
{Heap before GC invocations=50 (full 0):
 garbage-first heap   total 312320K, used 257792K [0x0000000080000000, 0x0000000100000000)
  region size 1024K, 55 young (56320K), 8 survivors (8192K)
 Metaspace       used 103507K, capacity 106325K, committed 106572K, reserved 1140736K
  class space    used 13344K, capacity 14385K, committed 14412K, reserved 1048576K
}
Event: 930.073 GC heap after
{Heap after GC invocations=51 (full 0):
 garbage-first heap   total 312320K, used 216821K [0x0000000080000000, 0x0000000100000000)
  region size 1024K, 7 young (7168K), 7 survivors (7168K)
 Metaspace       used 103507K, capacity 106325K, committed 106572K, reserved 1140736K
  class space    used 13344K, capacity 14385K, committed 14412K, reserved 1048576K
}
Event: 930.766 GC heap before
{Heap before GC invocations=51 (full 0):
 garbage-first heap   total 312320K, used 244469K [0x0000000080000000, 0x0000000100000000)
  region size 1024K, 45 young (46080K), 7 survivors (7168K)
 Metaspace       used 103651K, capacity 106478K, committed 106572K, reserved 1140736K
  class space    used 13345K, capacity 14386K, committed 14412K, reserved 1048576K
}

