# JRE version: OpenJDK Runtime Environment (11.0.8+10) (build 11.0.8+10-b944.6842174)
# Java VM: OpenJDK 64-Bit Server VM (11.0.8+10-b944.6842174, mixed mode, tiered, compressed oops, g1 gc, windows-amd64)
Heap:
 garbage-first heap   total 142336K, used 49221K [0x00000000c1a00000, 0x0000000100000000)
  region size 1024K, 3 young (3072K), 3 survivors (3072K)
 Metaspace       used 60300K, capacity 60880K, committed 61084K, reserved 1103872K
  class space    used 6807K, capacity 7024K, committed 7116K, reserved 1048576K
GC Heap History (20 events):
Event: 2.121 GC heap after
{Heap after GC invocations=3 (full 0):
 garbage-first heap   total 65536K, used 9566K [0x00000000c1a00000, 0x0000000100000000)
  region size 1024K, 1 young (1024K), 1 survivors (1024K)
 Metaspace       used 20922K, capacity 21101K, committed 21248K, reserved 1069056K
  class space    used 2219K, capacity 2286K, committed 2304K, reserved 1048576K
}
Event: 2.741 GC heap before
{Heap before GC invocations=4 (full 0):
 garbage-first heap   total 65536K, used 38238K [0x00000000c1a00000, 0x0000000100000000)
  region size 1024K, 23 young (23552K), 1 survivors (1024K)
 Metaspace       used 26598K, capacity 26960K, committed 27132K, reserved 1073152K
  class space    used 2840K, capacity 2973K, committed 3072K, reserved 1048576K
}
Event: 2.747 GC heap after
{Heap after GC invocations=5 (full 0):
 garbage-first heap   total 65536K, used 17211K [0x00000000c1a00000, 0x0000000100000000)
  region size 1024K, 3 young (3072K), 3 survivors (3072K)
 Metaspace       used 26598K, capacity 26960K, committed 27132K, reserved 1073152K
  class space    used 2840K, capacity 2973K, committed 3072K, reserved 1048576K
}
Event: 3.427 GC heap before
{Heap before GC invocations=5 (full 0):
 garbage-first heap   total 65536K, used 40763K [0x00000000c1a00000, 0x0000000100000000)
  region size 1024K, 25 young (25600K), 3 survivors (3072K)
 Metaspace       used 30475K, capacity 30955K, committed 31228K, reserved 1077248K
  class space    used 3611K, capacity 3793K, committed 3840K, reserved 1048576K
}
Event: 3.451 GC heap after
{Heap after GC invocations=6 (full 0):
 garbage-first heap   total 78848K, used 23091K [0x00000000c1a00000, 0x0000000100000000)
  region size 1024K, 4 young (4096K), 4 survivors (4096K)
 Metaspace       used 30475K, capacity 30955K, committed 31228K, reserved 1077248K
  class space    used 3611K, capacity 3793K, committed 3840K, reserved 1048576K
}
Event: 4.242 GC heap before
{Heap before GC invocations=6 (full 0):
 garbage-first heap   total 78848K, used 47667K [0x00000000c1a00000, 0x0000000100000000)
  region size 1024K, 29 young (29696K), 4 survivors (4096K)
 Metaspace       used 35646K, capacity 36023K, committed 36048K, reserved 1081344K
  class space    used 4182K, capacity 4349K, committed 4352K, reserved 1048576K
}
Event: 4.263 GC heap after
{Heap after GC invocations=7 (full 0):
 garbage-first heap   total 78848K, used 25989K [0x00000000c1a00000, 0x0000000100000000)
  region size 1024K, 3 young (3072K), 3 survivors (3072K)
 Metaspace       used 35646K, capacity 36023K, committed 36048K, reserved 1081344K
  class space    used 4182K, capacity 4349K, committed 4352K, reserved 1048576K
}
Event: 4.964 GC heap before
{Heap before GC invocations=8 (full 0):
 garbage-first heap   total 78848K, used 50565K [0x00000000c1a00000, 0x0000000100000000)
  region size 1024K, 28 young (28672K), 3 survivors (3072K)
 Metaspace       used 41405K, capacity 41842K, committed 42012K, reserved 1085440K
  class space    used 4934K, capacity 5094K, committed 5196K, reserved 1048576K
}
Event: 4.977 GC heap after
{Heap after GC invocations=9 (full 0):
 garbage-first heap   total 78848K, used 27975K [0x00000000c1a00000, 0x0000000100000000)
  region size 1024K, 2 young (2048K), 2 survivors (2048K)
 Metaspace       used 41405K, capacity 41842K, committed 42012K, reserved 1085440K
  class space    used 4934K, capacity 5094K, committed 5196K, reserved 1048576K
}
Event: 5.628 GC heap before
{Heap before GC invocations=10 (full 0):
 garbage-first heap   total 78848K, used 55623K [0x00000000c1a00000, 0x0000000100000000)
  region size 1024K, 28 young (28672K), 2 survivors (2048K)
 Metaspace       used 45054K, capacity 45525K, committed 45724K, reserved 1089536K
  class space    used 5323K, capacity 5509K, committed 5580K, reserved 1048576K
}
Event: 5.647 GC heap after
{Heap after GC invocations=11 (full 0):
 garbage-first heap   total 78848K, used 32255K [0x00000000c1a00000, 0x0000000100000000)
  region size 1024K, 4 young (4096K), 4 survivors (4096K)
 Metaspace       used 45054K, capacity 45525K, committed 45724K, reserved 1089536K
  class space    used 5323K, capacity 5509K, committed 5580K, reserved 1048576K
}
Event: 5.942 GC heap before
{Heap before GC invocations=11 (full 0):
 garbage-first heap   total 78848K, used 55807K [0x00000000c1a00000, 0x0000000100000000)
  region size 1024K, 28 young (28672K), 4 survivors (4096K)
 Metaspace       used 46130K, capacity 46661K, committed 46876K, reserved 1091584K
  class space    used 5423K, capacity 5609K, committed 5708K, reserved 1048576K
}
Event: 5.961 GC heap after
{Heap after GC invocations=12 (full 0):
 garbage-first heap   total 100352K, used 34044K [0x00000000c1a00000, 0x0000000100000000)
  region size 1024K, 2 young (2048K), 2 survivors (2048K)
 Metaspace       used 46130K, capacity 46661K, committed 46876K, reserved 1091584K
  class space    used 5423K, capacity 5609K, committed 5708K, reserved 1048576K
}
Event: 7.040 GC heap before
{Heap before GC invocations=12 (full 0):
 garbage-first heap   total 100352K, used 65788K [0x00000000c1a00000, 0x0000000100000000)
  region size 1024K, 33 young (33792K), 2 survivors (2048K)
 Metaspace       used 48477K, capacity 48914K, committed 49308K, reserved 1093632K
  class space    used 5572K, capacity 5741K, committed 5836K, reserved 1048576K
}
Event: 7.073 GC heap after
{Heap after GC invocations=13 (full 0):
 garbage-first heap   total 100352K, used 39240K [0x00000000c1a00000, 0x0000000100000000)
  region size 1024K, 5 young (5120K), 5 survivors (5120K)
 Metaspace       used 48477K, capacity 48914K, committed 49308K, reserved 1093632K
  class space    used 5572K, capacity 5741K, committed 5836K, reserved 1048576K
}
Event: 7.661 GC heap before
{Heap before GC invocations=13 (full 0):
 garbage-first heap   total 100352K, used 69960K [0x00000000c1a00000, 0x0000000100000000)
  region size 1024K, 35 young (35840K), 5 survivors (5120K)
 Metaspace       used 51247K, capacity 51749K, committed 51868K, reserved 1095680K
  class space    used 5876K, capacity 6047K, committed 6092K, reserved 1048576K
}
Event: 7.699 GC heap after
{Heap after GC invocations=14 (full 0):
 garbage-first heap   total 100352K, used 42857K [0x00000000c1a00000, 0x0000000100000000)
  region size 1024K, 4 young (4096K), 4 survivors (4096K)
 Metaspace       used 51247K, capacity 51749K, committed 51868K, reserved 1095680K
  class space    used 5876K, capacity 6047K, committed 6092K, reserved 1048576K
}
Event: 8.791 GC heap before
{Heap before GC invocations=14 (full 0):
 garbage-first heap   total 100352K, used 72553K [0x00000000c1a00000, 0x0000000100000000)
  region size 1024K, 33 young (33792K), 4 survivors (4096K)
 Metaspace       used 55977K, capacity 56548K, committed 56732K, reserved 1099776K
  class space    used 6350K, capacity 6557K, committed 6604K, reserved 1048576K
}
Event: 8.829 GC heap after
{Heap after GC invocations=15 (full 0):
 garbage-first heap   total 100352K, used 46805K [0x00000000c1a00000, 0x0000000100000000)
  region size 1024K, 4 young (4096K), 4 survivors (4096K)
 Metaspace       used 55977K, capacity 56548K, committed 56732K, reserved 1099776K
  class space    used 6350K, capacity 6557K, committed 6604K, reserved 1048576K
}
Event: 9.636 GC heap before
{Heap before GC invocations=15 (full 0):
 garbage-first heap   total 100352K, used 75477K [0x00000000c1a00000, 0x0000000100000000)
  region size 1024K, 32 young (32768K), 4 survivors (4096K)
 Metaspace       used 60300K, capacity 60880K, committed 61084K, reserved 1103872K
  class space    used 6807K, capacity 7024K, committed 7116K, reserved 1048576K
}

